ARM GAS  C:\Users\tiend\AppData\Local\Temp\ccW1st6J.s 			page 1


   1              		.cpu cortex-m3
   2              		.arch armv7-m
   3              		.fpu softvfp
   4              		.eabi_attribute 20, 1
   5              		.eabi_attribute 21, 1
   6              		.eabi_attribute 23, 3
   7              		.eabi_attribute 24, 1
   8              		.eabi_attribute 25, 1
   9              		.eabi_attribute 26, 1
  10              		.eabi_attribute 30, 1
  11              		.eabi_attribute 34, 1
  12              		.eabi_attribute 18, 4
  13              		.file	"led7seg.c"
  14              		.text
  15              	.Ltext0:
  16              		.cfi_sections	.debug_frame
  17              		.section	.text.display7SEG,"ax",%progbits
  18              		.align	1
  19              		.global	display7SEG
  20              		.syntax unified
  21              		.thumb
  22              		.thumb_func
  24              	display7SEG:
  25              	.LVL0:
  26              	.LFB65:
  27              		.file 1 "Core/Src/led7seg.c"
   1:Core/Src/led7seg.c **** /*
   2:Core/Src/led7seg.c ****  * led7seg.c
   3:Core/Src/led7seg.c ****  *
   4:Core/Src/led7seg.c ****  *  Created on: Sep 24, 2024
   5:Core/Src/led7seg.c ****  *      Author: tiend
   6:Core/Src/led7seg.c ****  */
   7:Core/Src/led7seg.c **** #include <led7seg.h>
   8:Core/Src/led7seg.c **** #include <main.h>
   9:Core/Src/led7seg.c **** 
  10:Core/Src/led7seg.c **** 
  11:Core/Src/led7seg.c **** uint16_t Led7Seg[10] = {0xC0, 0xF9, 0xA4, 0xB0, 0x99, 0x92, 0x82, 0xF8, 0x80, 0x90};
  12:Core/Src/led7seg.c **** 
  13:Core/Src/led7seg.c **** void display7SEG(int num){
  28              		.loc 1 13 26 view -0
  29              		.cfi_startproc
  30              		@ args = 0, pretend = 0, frame = 0
  31              		@ frame_needed = 0, uses_anonymous_args = 0
  32              		@ link register save eliminated.
  14:Core/Src/led7seg.c **** 	if (num < 0 || num > 9) return;
  33              		.loc 1 14 2 view .LVU1
  34              		.loc 1 14 5 is_stmt 0 view .LVU2
  35 0000 0928     		cmp	r0, #9
  36 0002 0AD8     		bhi	.L1
  15:Core/Src/led7seg.c **** 	GPIOB->ODR = (GPIOB -> ODR & 0xff80) | Led7Seg[num];
  37              		.loc 1 15 2 is_stmt 1 view .LVU3
  38              		.loc 1 15 22 is_stmt 0 view .LVU4
  39 0004 054A     		ldr	r2, .L3
  40 0006 D368     		ldr	r3, [r2, #12]
  41              		.loc 1 15 29 view .LVU5
  42 0008 23F07F03 		bic	r3, r3, #127
  43 000c 1B04     		lsls	r3, r3, #16
ARM GAS  C:\Users\tiend\AppData\Local\Temp\ccW1st6J.s 			page 2


  44 000e 1B0C     		lsrs	r3, r3, #16
  45              		.loc 1 15 48 view .LVU6
  46 0010 0349     		ldr	r1, .L3+4
  47 0012 31F81010 		ldrh	r1, [r1, r0, lsl #1]
  48              		.loc 1 15 39 view .LVU7
  49 0016 0B43     		orrs	r3, r3, r1
  50              		.loc 1 15 13 view .LVU8
  51 0018 D360     		str	r3, [r2, #12]
  52              	.L1:
  16:Core/Src/led7seg.c **** }
  53              		.loc 1 16 1 view .LVU9
  54 001a 7047     		bx	lr
  55              	.L4:
  56              		.align	2
  57              	.L3:
  58 001c 000C0140 		.word	1073810432
  59 0020 00000000 		.word	.LANCHOR0
  60              		.cfi_endproc
  61              	.LFE65:
  63              		.section	.text.control_countdown,"ax",%progbits
  64              		.align	1
  65              		.global	control_countdown
  66              		.syntax unified
  67              		.thumb
  68              		.thumb_func
  70              	control_countdown:
  71              	.LVL1:
  72              	.LFB66:
  17:Core/Src/led7seg.c **** 
  18:Core/Src/led7seg.c **** 
  19:Core/Src/led7seg.c **** void control_countdown(int countdown){
  73              		.loc 1 19 38 is_stmt 1 view -0
  74              		.cfi_startproc
  75              		@ args = 0, pretend = 0, frame = 0
  76              		@ frame_needed = 0, uses_anonymous_args = 0
  77              		.loc 1 19 38 is_stmt 0 view .LVU11
  78 0000 10B5     		push	{r4, lr}
  79              	.LCFI0:
  80              		.cfi_def_cfa_offset 8
  81              		.cfi_offset 4, -8
  82              		.cfi_offset 14, -4
  83 0002 0446     		mov	r4, r0
  20:Core/Src/led7seg.c **** 	 for(int i = countdown; i > 0; i--){
  84              		.loc 1 20 3 is_stmt 1 view .LVU12
  85              	.LBB2:
  86              		.loc 1 20 7 view .LVU13
  87              	.LVL2:
  88              		.loc 1 20 3 is_stmt 0 view .LVU14
  89 0004 07E0     		b	.L6
  90              	.LVL3:
  91              	.L7:
  21:Core/Src/led7seg.c **** 		  display7SEG(i);
  92              		.loc 1 21 5 is_stmt 1 discriminator 3 view .LVU15
  93 0006 2046     		mov	r0, r4
  94 0008 FFF7FEFF 		bl	display7SEG
  95              	.LVL4:
  22:Core/Src/led7seg.c **** 		  HAL_Delay(1000);
ARM GAS  C:\Users\tiend\AppData\Local\Temp\ccW1st6J.s 			page 3


  96              		.loc 1 22 5 discriminator 3 view .LVU16
  97 000c 4FF47A70 		mov	r0, #1000
  98 0010 FFF7FEFF 		bl	HAL_Delay
  99              	.LVL5:
  20:Core/Src/led7seg.c **** 	 for(int i = countdown; i > 0; i--){
 100              		.loc 1 20 33 discriminator 3 view .LVU17
  20:Core/Src/led7seg.c **** 	 for(int i = countdown; i > 0; i--){
 101              		.loc 1 20 34 is_stmt 0 discriminator 3 view .LVU18
 102 0014 013C     		subs	r4, r4, #1
 103              	.LVL6:
 104              	.L6:
  20:Core/Src/led7seg.c **** 	 for(int i = countdown; i > 0; i--){
 105              		.loc 1 20 26 is_stmt 1 discriminator 1 view .LVU19
  20:Core/Src/led7seg.c **** 	 for(int i = countdown; i > 0; i--){
 106              		.loc 1 20 3 is_stmt 0 discriminator 1 view .LVU20
 107 0016 002C     		cmp	r4, #0
 108 0018 F5DC     		bgt	.L7
  20:Core/Src/led7seg.c **** 	 for(int i = countdown; i > 0; i--){
 109              		.loc 1 20 3 discriminator 1 view .LVU21
 110              	.LBE2:
  23:Core/Src/led7seg.c **** 	 }
  24:Core/Src/led7seg.c **** }
 111              		.loc 1 24 1 view .LVU22
 112 001a 10BD     		pop	{r4, pc}
 113              		.loc 1 24 1 view .LVU23
 114              		.cfi_endproc
 115              	.LFE66:
 117              		.section	.text.control_countup,"ax",%progbits
 118              		.align	1
 119              		.global	control_countup
 120              		.syntax unified
 121              		.thumb
 122              		.thumb_func
 124              	control_countup:
 125              	.LVL7:
 126              	.LFB67:
  25:Core/Src/led7seg.c **** 
  26:Core/Src/led7seg.c **** void control_countup(int countup){
 127              		.loc 1 26 34 is_stmt 1 view -0
 128              		.cfi_startproc
 129              		@ args = 0, pretend = 0, frame = 0
 130              		@ frame_needed = 0, uses_anonymous_args = 0
 131              		.loc 1 26 34 is_stmt 0 view .LVU25
 132 0000 10B5     		push	{r4, lr}
 133              	.LCFI1:
 134              		.cfi_def_cfa_offset 8
 135              		.cfi_offset 4, -8
 136              		.cfi_offset 14, -4
 137 0002 0446     		mov	r4, r0
  27:Core/Src/led7seg.c **** 	 for(int i = countup; i >= 0; i--){
 138              		.loc 1 27 3 is_stmt 1 view .LVU26
 139              	.LBB3:
 140              		.loc 1 27 7 view .LVU27
 141              	.LVL8:
 142              		.loc 1 27 3 is_stmt 0 view .LVU28
 143 0004 07E0     		b	.L10
 144              	.LVL9:
ARM GAS  C:\Users\tiend\AppData\Local\Temp\ccW1st6J.s 			page 4


 145              	.L11:
  28:Core/Src/led7seg.c **** 		  display7SEG(i);
 146              		.loc 1 28 5 is_stmt 1 discriminator 3 view .LVU29
 147 0006 2046     		mov	r0, r4
 148 0008 FFF7FEFF 		bl	display7SEG
 149              	.LVL10:
  29:Core/Src/led7seg.c **** 		  HAL_Delay(1000);
 150              		.loc 1 29 5 discriminator 3 view .LVU30
 151 000c 4FF47A70 		mov	r0, #1000
 152 0010 FFF7FEFF 		bl	HAL_Delay
 153              	.LVL11:
  27:Core/Src/led7seg.c **** 	 for(int i = countup; i >= 0; i--){
 154              		.loc 1 27 32 discriminator 3 view .LVU31
  27:Core/Src/led7seg.c **** 	 for(int i = countup; i >= 0; i--){
 155              		.loc 1 27 33 is_stmt 0 discriminator 3 view .LVU32
 156 0014 013C     		subs	r4, r4, #1
 157              	.LVL12:
 158              	.L10:
  27:Core/Src/led7seg.c **** 	 for(int i = countup; i >= 0; i--){
 159              		.loc 1 27 24 is_stmt 1 discriminator 1 view .LVU33
  27:Core/Src/led7seg.c **** 	 for(int i = countup; i >= 0; i--){
 160              		.loc 1 27 3 is_stmt 0 discriminator 1 view .LVU34
 161 0016 002C     		cmp	r4, #0
 162 0018 F5DA     		bge	.L11
  27:Core/Src/led7seg.c **** 	 for(int i = countup; i >= 0; i--){
 163              		.loc 1 27 3 discriminator 1 view .LVU35
 164              	.LBE3:
  30:Core/Src/led7seg.c **** 	 }
  31:Core/Src/led7seg.c **** }
 165              		.loc 1 31 1 view .LVU36
 166 001a 10BD     		pop	{r4, pc}
 167              		.loc 1 31 1 view .LVU37
 168              		.cfi_endproc
 169              	.LFE67:
 171              		.section	.text.clear7SEG,"ax",%progbits
 172              		.align	1
 173              		.global	clear7SEG
 174              		.syntax unified
 175              		.thumb
 176              		.thumb_func
 178              	clear7SEG:
 179              	.LFB68:
  32:Core/Src/led7seg.c **** 
  33:Core/Src/led7seg.c **** void clear7SEG(){
 180              		.loc 1 33 17 is_stmt 1 view -0
 181              		.cfi_startproc
 182              		@ args = 0, pretend = 0, frame = 0
 183              		@ frame_needed = 0, uses_anonymous_args = 0
 184              		@ link register save eliminated.
  34:Core/Src/led7seg.c **** 	GPIOB->ODR = (GPIOB -> ODR & 0xff80);
 185              		.loc 1 34 2 view .LVU39
 186              		.loc 1 34 22 is_stmt 0 view .LVU40
 187 0000 034A     		ldr	r2, .L14
 188 0002 D368     		ldr	r3, [r2, #12]
 189              		.loc 1 34 29 view .LVU41
 190 0004 23F07F03 		bic	r3, r3, #127
 191 0008 1B04     		lsls	r3, r3, #16
ARM GAS  C:\Users\tiend\AppData\Local\Temp\ccW1st6J.s 			page 5


 192 000a 1B0C     		lsrs	r3, r3, #16
 193              		.loc 1 34 13 view .LVU42
 194 000c D360     		str	r3, [r2, #12]
  35:Core/Src/led7seg.c **** }
 195              		.loc 1 35 1 view .LVU43
 196 000e 7047     		bx	lr
 197              	.L15:
 198              		.align	2
 199              	.L14:
 200 0010 000C0140 		.word	1073810432
 201              		.cfi_endproc
 202              	.LFE68:
 204              		.section	.text.update7SEG,"ax",%progbits
 205              		.align	1
 206              		.global	update7SEG
 207              		.syntax unified
 208              		.thumb
 209              		.thumb_func
 211              	update7SEG:
 212              	.LVL13:
 213              	.LFB69:
  36:Core/Src/led7seg.c **** 
  37:Core/Src/led7seg.c **** 
  38:Core/Src/led7seg.c **** void update7SEG(int index){
 214              		.loc 1 38 27 is_stmt 1 view -0
 215              		.cfi_startproc
 216              		@ args = 0, pretend = 0, frame = 0
 217              		@ frame_needed = 0, uses_anonymous_args = 0
 218              		.loc 1 38 27 is_stmt 0 view .LVU45
 219 0000 10B5     		push	{r4, lr}
 220              	.LCFI2:
 221              		.cfi_def_cfa_offset 8
 222              		.cfi_offset 4, -8
 223              		.cfi_offset 14, -4
 224 0002 0446     		mov	r4, r0
  39:Core/Src/led7seg.c **** 	HAL_GPIO_WritePin(GPIOA, EN0_Pin | EN1_Pin | EN2_Pin | EN3_Pin, GPIO_PIN_RESET);
 225              		.loc 1 39 2 is_stmt 1 view .LVU46
 226 0004 0022     		movs	r2, #0
 227 0006 4FF47071 		mov	r1, #960
 228 000a 1448     		ldr	r0, .L24
 229              	.LVL14:
 230              		.loc 1 39 2 is_stmt 0 view .LVU47
 231 000c FFF7FEFF 		bl	HAL_GPIO_WritePin
 232              	.LVL15:
  40:Core/Src/led7seg.c **** 	switch (index)
 233              		.loc 1 40 2 is_stmt 1 view .LVU48
 234 0010 032C     		cmp	r4, #3
 235 0012 08D8     		bhi	.L17
 236 0014 DFE804F0 		tbb	[pc, r4]
 237              	.L19:
 238 0018 02       		.byte	(.L22-.L19)/2
 239 0019 0D       		.byte	(.L21-.L19)/2
 240 001a 13       		.byte	(.L20-.L19)/2
 241 001b 1A       		.byte	(.L18-.L19)/2
 242              		.p2align 1
 243              	.L22:
  41:Core/Src/led7seg.c **** 	{
ARM GAS  C:\Users\tiend\AppData\Local\Temp\ccW1st6J.s 			page 6


  42:Core/Src/led7seg.c **** 		case 0:
  43:Core/Src/led7seg.c **** 			HAL_GPIO_WritePin(EN0_GPIO_Port, EN0_Pin, SET);
 244              		.loc 1 43 4 view .LVU49
 245 001c 0122     		movs	r2, #1
 246 001e 4021     		movs	r1, #64
 247 0020 0E48     		ldr	r0, .L24
 248 0022 FFF7FEFF 		bl	HAL_GPIO_WritePin
 249              	.LVL16:
  44:Core/Src/led7seg.c **** 			break;
 250              		.loc 1 44 4 view .LVU50
 251              	.L17:
  45:Core/Src/led7seg.c **** 		case 1:
  46:Core/Src/led7seg.c **** 			HAL_GPIO_WritePin(EN1_GPIO_Port, EN1_Pin, SET);
  47:Core/Src/led7seg.c **** 			break;
  48:Core/Src/led7seg.c **** 		case 2:
  49:Core/Src/led7seg.c **** 			HAL_GPIO_WritePin(EN2_GPIO_Port, EN2_Pin, SET);
  50:Core/Src/led7seg.c **** 			break;
  51:Core/Src/led7seg.c **** 		case 3:
  52:Core/Src/led7seg.c **** 			HAL_GPIO_WritePin(EN3_GPIO_Port, EN3_Pin, SET);
  53:Core/Src/led7seg.c **** 			break;
  54:Core/Src/led7seg.c **** 		default:
  55:Core/Src/led7seg.c **** 			break;
  56:Core/Src/led7seg.c **** 	}
  57:Core/Src/led7seg.c **** 	display7SEG(led_buffer[index]);
 252              		.loc 1 57 2 view .LVU51
 253 0026 0E4B     		ldr	r3, .L24+4
 254 0028 53F82400 		ldr	r0, [r3, r4, lsl #2]
 255 002c FFF7FEFF 		bl	display7SEG
 256              	.LVL17:
  58:Core/Src/led7seg.c **** 
  59:Core/Src/led7seg.c **** }
 257              		.loc 1 59 1 is_stmt 0 view .LVU52
 258 0030 10BD     		pop	{r4, pc}
 259              	.LVL18:
 260              	.L21:
  46:Core/Src/led7seg.c **** 			break;
 261              		.loc 1 46 4 is_stmt 1 view .LVU53
 262 0032 0122     		movs	r2, #1
 263 0034 8021     		movs	r1, #128
 264 0036 0948     		ldr	r0, .L24
 265 0038 FFF7FEFF 		bl	HAL_GPIO_WritePin
 266              	.LVL19:
  47:Core/Src/led7seg.c **** 		case 2:
 267              		.loc 1 47 4 view .LVU54
 268 003c F3E7     		b	.L17
 269              	.L20:
  49:Core/Src/led7seg.c **** 			break;
 270              		.loc 1 49 4 view .LVU55
 271 003e 0122     		movs	r2, #1
 272 0040 4FF48071 		mov	r1, #256
 273 0044 0548     		ldr	r0, .L24
 274 0046 FFF7FEFF 		bl	HAL_GPIO_WritePin
 275              	.LVL20:
  50:Core/Src/led7seg.c **** 		case 3:
 276              		.loc 1 50 4 view .LVU56
 277 004a ECE7     		b	.L17
 278              	.L18:
ARM GAS  C:\Users\tiend\AppData\Local\Temp\ccW1st6J.s 			page 7


  52:Core/Src/led7seg.c **** 			break;
 279              		.loc 1 52 4 view .LVU57
 280 004c 0122     		movs	r2, #1
 281 004e 4FF40071 		mov	r1, #512
 282 0052 0248     		ldr	r0, .L24
 283 0054 FFF7FEFF 		bl	HAL_GPIO_WritePin
 284              	.LVL21:
  53:Core/Src/led7seg.c **** 		default:
 285              		.loc 1 53 4 view .LVU58
 286 0058 E5E7     		b	.L17
 287              	.L25:
 288 005a 00BF     		.align	2
 289              	.L24:
 290 005c 00080140 		.word	1073809408
 291 0060 00000000 		.word	led_buffer
 292              		.cfi_endproc
 293              	.LFE69:
 295              		.global	Led7Seg
 296              		.section	.data.Led7Seg,"aw"
 297              		.align	2
 298              		.set	.LANCHOR0,. + 0
 301              	Led7Seg:
 302 0000 C000     		.short	192
 303 0002 F900     		.short	249
 304 0004 A400     		.short	164
 305 0006 B000     		.short	176
 306 0008 9900     		.short	153
 307 000a 9200     		.short	146
 308 000c 8200     		.short	130
 309 000e F800     		.short	248
 310 0010 8000     		.short	128
 311 0012 9000     		.short	144
 312              		.text
 313              	.Letext0:
 314              		.file 2 "c:\\arm-gcc\\arm-none-eabi\\include\\machine\\_default_types.h"
 315              		.file 3 "c:\\arm-gcc\\arm-none-eabi\\include\\sys\\_stdint.h"
 316              		.file 4 "Drivers/CMSIS/Device/ST/STM32F1xx/Include/stm32f103x6.h"
 317              		.file 5 "Drivers/CMSIS/Device/ST/STM32F1xx/Include/stm32f1xx.h"
 318              		.file 6 "Drivers/STM32F1xx_HAL_Driver/Inc/stm32f1xx_hal_gpio.h"
 319              		.file 7 "Core/Inc/led7seg.h"
 320              		.file 8 "Drivers/STM32F1xx_HAL_Driver/Inc/stm32f1xx_hal.h"
ARM GAS  C:\Users\tiend\AppData\Local\Temp\ccW1st6J.s 			page 8


DEFINED SYMBOLS
                            *ABS*:00000000 led7seg.c
C:\Users\tiend\AppData\Local\Temp\ccW1st6J.s:18     .text.display7SEG:00000000 $t
C:\Users\tiend\AppData\Local\Temp\ccW1st6J.s:24     .text.display7SEG:00000000 display7SEG
C:\Users\tiend\AppData\Local\Temp\ccW1st6J.s:58     .text.display7SEG:0000001c $d
C:\Users\tiend\AppData\Local\Temp\ccW1st6J.s:64     .text.control_countdown:00000000 $t
C:\Users\tiend\AppData\Local\Temp\ccW1st6J.s:70     .text.control_countdown:00000000 control_countdown
C:\Users\tiend\AppData\Local\Temp\ccW1st6J.s:118    .text.control_countup:00000000 $t
C:\Users\tiend\AppData\Local\Temp\ccW1st6J.s:124    .text.control_countup:00000000 control_countup
C:\Users\tiend\AppData\Local\Temp\ccW1st6J.s:172    .text.clear7SEG:00000000 $t
C:\Users\tiend\AppData\Local\Temp\ccW1st6J.s:178    .text.clear7SEG:00000000 clear7SEG
C:\Users\tiend\AppData\Local\Temp\ccW1st6J.s:200    .text.clear7SEG:00000010 $d
C:\Users\tiend\AppData\Local\Temp\ccW1st6J.s:205    .text.update7SEG:00000000 $t
C:\Users\tiend\AppData\Local\Temp\ccW1st6J.s:211    .text.update7SEG:00000000 update7SEG
C:\Users\tiend\AppData\Local\Temp\ccW1st6J.s:238    .text.update7SEG:00000018 $d
C:\Users\tiend\AppData\Local\Temp\ccW1st6J.s:242    .text.update7SEG:0000001c $t
C:\Users\tiend\AppData\Local\Temp\ccW1st6J.s:290    .text.update7SEG:0000005c $d
C:\Users\tiend\AppData\Local\Temp\ccW1st6J.s:301    .data.Led7Seg:00000000 Led7Seg
C:\Users\tiend\AppData\Local\Temp\ccW1st6J.s:297    .data.Led7Seg:00000000 $d

UNDEFINED SYMBOLS
HAL_Delay
HAL_GPIO_WritePin
led_buffer
