ARM GAS  C:\Users\tiend\AppData\Local\Temp\ccMmJo96.s 			page 1


   1              		.cpu cortex-m3
   2              		.arch armv7-m
   3              		.fpu softvfp
   4              		.eabi_attribute 20, 1
   5              		.eabi_attribute 21, 1
   6              		.eabi_attribute 23, 3
   7              		.eabi_attribute 24, 1
   8              		.eabi_attribute 25, 1
   9              		.eabi_attribute 26, 1
  10              		.eabi_attribute 30, 1
  11              		.eabi_attribute 34, 1
  12              		.eabi_attribute 18, 4
  13              		.file	"main.c"
  14              		.text
  15              	.Ltext0:
  16              		.cfi_sections	.debug_frame
  17              		.section	.text.MX_GPIO_Init,"ax",%progbits
  18              		.align	1
  19              		.syntax unified
  20              		.thumb
  21              		.thumb_func
  23              	MX_GPIO_Init:
  24              	.LFB70:
  25              		.file 1 "Core/Src/main.c"
   1:Core/Src/main.c **** /* USER CODE BEGIN Header */
   2:Core/Src/main.c **** /**
   3:Core/Src/main.c ****   ******************************************************************************
   4:Core/Src/main.c ****   * @file           : main.c
   5:Core/Src/main.c ****   * @brief          : Main program body
   6:Core/Src/main.c ****   ******************************************************************************
   7:Core/Src/main.c ****   * @attention
   8:Core/Src/main.c ****   *
   9:Core/Src/main.c ****   * Copyright (c) 2024 STMicroelectronics.
  10:Core/Src/main.c ****   * All rights reserved.
  11:Core/Src/main.c ****   *
  12:Core/Src/main.c ****   * This software is licensed under terms that can be found in the LICENSE file
  13:Core/Src/main.c ****   * in the root directory of this software component.
  14:Core/Src/main.c ****   * If no LICENSE file comes with this software, it is provided AS-IS.
  15:Core/Src/main.c ****   *
  16:Core/Src/main.c ****   ******************************************************************************
  17:Core/Src/main.c ****   */
  18:Core/Src/main.c **** /* USER CODE END Header */
  19:Core/Src/main.c **** /* Includes ------------------------------------------------------------------*/
  20:Core/Src/main.c **** #include "main.h"
  21:Core/Src/main.c **** 
  22:Core/Src/main.c **** /* Private includes ----------------------------------------------------------*/
  23:Core/Src/main.c **** /* USER CODE BEGIN Includes */
  24:Core/Src/main.c **** #include "led7seg.h"
  25:Core/Src/main.c **** #include "timer.h"
  26:Core/Src/main.c **** /* USER CODE END Includes */
  27:Core/Src/main.c **** 
  28:Core/Src/main.c **** /* Private typedef -----------------------------------------------------------*/
  29:Core/Src/main.c **** /* USER CODE BEGIN PTD */
  30:Core/Src/main.c **** 
  31:Core/Src/main.c **** /* USER CODE END PTD */
  32:Core/Src/main.c **** 
  33:Core/Src/main.c **** /* Private define ------------------------------------------------------------*/
ARM GAS  C:\Users\tiend\AppData\Local\Temp\ccMmJo96.s 			page 2


  34:Core/Src/main.c **** /* USER CODE BEGIN PD */
  35:Core/Src/main.c **** #define delay_led7seg_init 250
  36:Core/Src/main.c **** #define delay_led_init 1000
  37:Core/Src/main.c **** /* USER CODE END PD */
  38:Core/Src/main.c **** 
  39:Core/Src/main.c **** /* Private macro -------------------------------------------------------------*/
  40:Core/Src/main.c **** /* USER CODE BEGIN PM */
  41:Core/Src/main.c **** 
  42:Core/Src/main.c **** /* USER CODE END PM */
  43:Core/Src/main.c **** 
  44:Core/Src/main.c **** /* Private variables ---------------------------------------------------------*/
  45:Core/Src/main.c **** TIM_HandleTypeDef htim2;
  46:Core/Src/main.c **** 
  47:Core/Src/main.c **** /* USER CODE BEGIN PV */
  48:Core/Src/main.c **** int led_toggle = 0; // Toggle flag for LED
  49:Core/Src/main.c **** /* USER CODE END PV */
  50:Core/Src/main.c **** 
  51:Core/Src/main.c **** /* Private function prototypes -----------------------------------------------*/
  52:Core/Src/main.c **** void SystemClock_Config(void);
  53:Core/Src/main.c **** static void MX_GPIO_Init(void);
  54:Core/Src/main.c **** static void MX_TIM2_Init(void);
  55:Core/Src/main.c **** /* USER CODE BEGIN PFP */
  56:Core/Src/main.c **** 
  57:Core/Src/main.c **** /* USER CODE END PFP */
  58:Core/Src/main.c **** 
  59:Core/Src/main.c **** /* Private user code ---------------------------------------------------------*/
  60:Core/Src/main.c **** /* USER CODE BEGIN 0 */
  61:Core/Src/main.c **** 
  62:Core/Src/main.c **** // Timer interrupt callback function
  63:Core/Src/main.c **** int current_display = 0;
  64:Core/Src/main.c **** int led_buffer [4];
  65:Core/Src/main.c **** int index_led = 0;
  66:Core/Src/main.c **** const int MAX_LED = 4;
  67:Core/Src/main.c **** 
  68:Core/Src/main.c **** int hour = 15,  minute = 59, second = 50;
  69:Core/Src/main.c **** void updateClockBuffer (){
  70:Core/Src/main.c ****     led_buffer[0] = hour/10;
  71:Core/Src/main.c ****     led_buffer[1] = hour % 10;
  72:Core/Src/main.c ****     led_buffer[2] = minute / 10;
  73:Core/Src/main.c ****     led_buffer[3] = minute % 10;
  74:Core/Src/main.c **** }
  75:Core/Src/main.c **** 
  76:Core/Src/main.c **** void HAL_TIM_PeriodElapsedCallback(TIM_HandleTypeDef *htim)
  77:Core/Src/main.c **** {
  78:Core/Src/main.c ****   if (htim->Instance == TIM2)
  79:Core/Src/main.c ****   {
  80:Core/Src/main.c ****     timer_run(); 
  81:Core/Src/main.c **** 
  82:Core/Src/main.c ****     
  83:Core/Src/main.c ****   }
  84:Core/Src/main.c **** }
  85:Core/Src/main.c **** 
  86:Core/Src/main.c **** /* USER CODE END 0 */
  87:Core/Src/main.c **** 
  88:Core/Src/main.c **** /**
  89:Core/Src/main.c ****   * @brief  The application entry point.
  90:Core/Src/main.c ****   * @retval int
ARM GAS  C:\Users\tiend\AppData\Local\Temp\ccMmJo96.s 			page 3


  91:Core/Src/main.c ****   */
  92:Core/Src/main.c **** int main(void)
  93:Core/Src/main.c **** {
  94:Core/Src/main.c **** 
  95:Core/Src/main.c ****   /* USER CODE BEGIN 1 */
  96:Core/Src/main.c **** 
  97:Core/Src/main.c ****   /* USER CODE END 1 */
  98:Core/Src/main.c **** 
  99:Core/Src/main.c ****   /* MCU Configuration--------------------------------------------------------*/
 100:Core/Src/main.c **** 
 101:Core/Src/main.c ****   /* Reset of all peripherals, Initializes the Flash interface and the Systick. */
 102:Core/Src/main.c ****   HAL_Init();
 103:Core/Src/main.c **** 
 104:Core/Src/main.c ****   /* USER CODE BEGIN Init */
 105:Core/Src/main.c **** 
 106:Core/Src/main.c ****   /* USER CODE END Init */
 107:Core/Src/main.c **** 
 108:Core/Src/main.c ****   /* Configure the system clock */
 109:Core/Src/main.c ****   SystemClock_Config();
 110:Core/Src/main.c **** 
 111:Core/Src/main.c ****   /* USER CODE BEGIN SysInit */
 112:Core/Src/main.c **** 
 113:Core/Src/main.c ****   /* USER CODE END SysInit */
 114:Core/Src/main.c **** 
 115:Core/Src/main.c ****   /* Initialize all configured peripherals */
 116:Core/Src/main.c ****   MX_GPIO_Init();
 117:Core/Src/main.c ****   MX_TIM2_Init();
 118:Core/Src/main.c ****   /* USER CODE BEGIN 2 */
 119:Core/Src/main.c ****   HAL_TIM_Base_Start_IT(&htim2);
 120:Core/Src/main.c ****   set_timer(0, delay_led_init);
 121:Core/Src/main.c ****   set_timer(1, delay_led7seg_init);
 122:Core/Src/main.c **** 
 123:Core/Src/main.c ****   set_timer(2, 1000);
 124:Core/Src/main.c ****   timerFLag[2] = 1;
 125:Core/Src/main.c ****   /* USER CODE END 2 */
 126:Core/Src/main.c **** 
 127:Core/Src/main.c ****   /* Infinite loop */
 128:Core/Src/main.c ****   /* USER CODE BEGIN WHILE */
 129:Core/Src/main.c ****   while (1)
 130:Core/Src/main.c ****   {
 131:Core/Src/main.c ****     if (timerFLag[0] == 1)
 132:Core/Src/main.c ****     {
 133:Core/Src/main.c ****       HAL_GPIO_TogglePin(GPIOA, GPIO_PIN_4);
 134:Core/Src/main.c ****       set_timer(0, delay_led_init);                      
 135:Core/Src/main.c ****     }
 136:Core/Src/main.c **** 
 137:Core/Src/main.c ****     if (timerFLag[1] == 1)
 138:Core/Src/main.c ****     {
 139:Core/Src/main.c ****       update7SEG(index_led++);
 140:Core/Src/main.c ****       if(index_led >= MAX_LED)  index_led = 0;
 141:Core/Src/main.c ****       set_timer(1, delay_led7seg_init);    
 142:Core/Src/main.c ****     }
 143:Core/Src/main.c ****     if(timerFLag[2] == 1){
 144:Core/Src/main.c ****       second++;
 145:Core/Src/main.c ****       if(second >= 60){
 146:Core/Src/main.c ****         second = 0;
 147:Core/Src/main.c ****         minute++;
ARM GAS  C:\Users\tiend\AppData\Local\Temp\ccMmJo96.s 			page 4


 148:Core/Src/main.c ****       }
 149:Core/Src/main.c ****       if(minute >= 60){
 150:Core/Src/main.c ****         minute = 0;
 151:Core/Src/main.c ****         hour++;
 152:Core/Src/main.c ****       }
 153:Core/Src/main.c ****       if(hour >= 24){
 154:Core/Src/main.c ****         hour = 0;
 155:Core/Src/main.c ****       }
 156:Core/Src/main.c ****       updateClockBuffer();
 157:Core/Src/main.c ****       // HAL_Delay(1000);
 158:Core/Src/main.c ****       set_timer(2, 1000);
 159:Core/Src/main.c ****     }
 160:Core/Src/main.c ****     /* USER CODE END WHILE */
 161:Core/Src/main.c **** 
 162:Core/Src/main.c ****     /* USER CODE BEGIN 3 */
 163:Core/Src/main.c ****   }
 164:Core/Src/main.c ****   /* USER CODE END 3 */
 165:Core/Src/main.c **** }
 166:Core/Src/main.c **** 
 167:Core/Src/main.c **** /**
 168:Core/Src/main.c ****   * @brief System Clock Configuration
 169:Core/Src/main.c ****   * @retval None
 170:Core/Src/main.c ****   */
 171:Core/Src/main.c **** void SystemClock_Config(void)
 172:Core/Src/main.c **** {
 173:Core/Src/main.c ****   RCC_OscInitTypeDef RCC_OscInitStruct = {0};
 174:Core/Src/main.c ****   RCC_ClkInitTypeDef RCC_ClkInitStruct = {0};
 175:Core/Src/main.c **** 
 176:Core/Src/main.c ****   /** Initializes the RCC Oscillators according to the specified parameters
 177:Core/Src/main.c ****   * in the RCC_OscInitTypeDef structure.
 178:Core/Src/main.c ****   */
 179:Core/Src/main.c ****   RCC_OscInitStruct.OscillatorType = RCC_OSCILLATORTYPE_HSI;
 180:Core/Src/main.c ****   RCC_OscInitStruct.HSIState = RCC_HSI_ON;
 181:Core/Src/main.c ****   RCC_OscInitStruct.HSICalibrationValue = RCC_HSICALIBRATION_DEFAULT;
 182:Core/Src/main.c ****   RCC_OscInitStruct.PLL.PLLState = RCC_PLL_NONE;
 183:Core/Src/main.c ****   if (HAL_RCC_OscConfig(&RCC_OscInitStruct) != HAL_OK)
 184:Core/Src/main.c ****   {
 185:Core/Src/main.c ****     Error_Handler();
 186:Core/Src/main.c ****   }
 187:Core/Src/main.c **** 
 188:Core/Src/main.c ****   /** Initializes the CPU, AHB and APB buses clocks
 189:Core/Src/main.c ****   */
 190:Core/Src/main.c ****   RCC_ClkInitStruct.ClockType = RCC_CLOCKTYPE_HCLK|RCC_CLOCKTYPE_SYSCLK
 191:Core/Src/main.c ****                               |RCC_CLOCKTYPE_PCLK1|RCC_CLOCKTYPE_PCLK2;
 192:Core/Src/main.c ****   RCC_ClkInitStruct.SYSCLKSource = RCC_SYSCLKSOURCE_HSI;
 193:Core/Src/main.c ****   RCC_ClkInitStruct.AHBCLKDivider = RCC_SYSCLK_DIV1;
 194:Core/Src/main.c ****   RCC_ClkInitStruct.APB1CLKDivider = RCC_HCLK_DIV1;
 195:Core/Src/main.c ****   RCC_ClkInitStruct.APB2CLKDivider = RCC_HCLK_DIV1;
 196:Core/Src/main.c **** 
 197:Core/Src/main.c ****   if (HAL_RCC_ClockConfig(&RCC_ClkInitStruct, FLASH_LATENCY_0) != HAL_OK)
 198:Core/Src/main.c ****   {
 199:Core/Src/main.c ****     Error_Handler();
 200:Core/Src/main.c ****   }
 201:Core/Src/main.c **** }
 202:Core/Src/main.c **** 
 203:Core/Src/main.c **** /**
 204:Core/Src/main.c ****   * @brief TIM2 Initialization Function
ARM GAS  C:\Users\tiend\AppData\Local\Temp\ccMmJo96.s 			page 5


 205:Core/Src/main.c ****   * @param None
 206:Core/Src/main.c ****   * @retval None
 207:Core/Src/main.c ****   */
 208:Core/Src/main.c **** static void MX_TIM2_Init(void)
 209:Core/Src/main.c **** {
 210:Core/Src/main.c **** 
 211:Core/Src/main.c ****   /* USER CODE BEGIN TIM2_Init 0 */
 212:Core/Src/main.c **** 
 213:Core/Src/main.c ****   /* USER CODE END TIM2_Init 0 */
 214:Core/Src/main.c **** 
 215:Core/Src/main.c ****   TIM_ClockConfigTypeDef sClockSourceConfig = {0};
 216:Core/Src/main.c ****   TIM_MasterConfigTypeDef sMasterConfig = {0};
 217:Core/Src/main.c **** 
 218:Core/Src/main.c ****   /* USER CODE BEGIN TIM2_Init 1 */
 219:Core/Src/main.c **** 
 220:Core/Src/main.c ****   /* USER CODE END TIM2_Init 1 */
 221:Core/Src/main.c ****   htim2.Instance = TIM2;
 222:Core/Src/main.c ****   htim2.Init.Prescaler = 7999;
 223:Core/Src/main.c ****   htim2.Init.CounterMode = TIM_COUNTERMODE_UP;
 224:Core/Src/main.c ****   htim2.Init.Period = 9;
 225:Core/Src/main.c ****   htim2.Init.ClockDivision = TIM_CLOCKDIVISION_DIV1;
 226:Core/Src/main.c ****   htim2.Init.AutoReloadPreload = TIM_AUTORELOAD_PRELOAD_DISABLE;
 227:Core/Src/main.c ****   if (HAL_TIM_Base_Init(&htim2) != HAL_OK)
 228:Core/Src/main.c ****   {
 229:Core/Src/main.c ****     Error_Handler();
 230:Core/Src/main.c ****   }
 231:Core/Src/main.c ****   sClockSourceConfig.ClockSource = TIM_CLOCKSOURCE_INTERNAL;
 232:Core/Src/main.c ****   if (HAL_TIM_ConfigClockSource(&htim2, &sClockSourceConfig) != HAL_OK)
 233:Core/Src/main.c ****   {
 234:Core/Src/main.c ****     Error_Handler();
 235:Core/Src/main.c ****   }
 236:Core/Src/main.c ****   sMasterConfig.MasterOutputTrigger = TIM_TRGO_RESET;
 237:Core/Src/main.c ****   sMasterConfig.MasterSlaveMode = TIM_MASTERSLAVEMODE_DISABLE;
 238:Core/Src/main.c ****   if (HAL_TIMEx_MasterConfigSynchronization(&htim2, &sMasterConfig) != HAL_OK)
 239:Core/Src/main.c ****   {
 240:Core/Src/main.c ****     Error_Handler();
 241:Core/Src/main.c ****   }
 242:Core/Src/main.c ****   /* USER CODE BEGIN TIM2_Init 2 */
 243:Core/Src/main.c **** 
 244:Core/Src/main.c ****   /* USER CODE END TIM2_Init 2 */
 245:Core/Src/main.c **** 
 246:Core/Src/main.c **** }
 247:Core/Src/main.c **** 
 248:Core/Src/main.c **** /**
 249:Core/Src/main.c ****   * @brief GPIO Initialization Function
 250:Core/Src/main.c ****   * @param None
 251:Core/Src/main.c ****   * @retval None
 252:Core/Src/main.c ****   */
 253:Core/Src/main.c **** static void MX_GPIO_Init(void)
 254:Core/Src/main.c **** {
  26              		.loc 1 254 1 view -0
  27              		.cfi_startproc
  28              		@ args = 0, pretend = 0, frame = 24
  29              		@ frame_needed = 0, uses_anonymous_args = 0
  30 0000 2DE9F041 		push	{r4, r5, r6, r7, r8, lr}
  31              	.LCFI0:
  32              		.cfi_def_cfa_offset 24
ARM GAS  C:\Users\tiend\AppData\Local\Temp\ccMmJo96.s 			page 6


  33              		.cfi_offset 4, -24
  34              		.cfi_offset 5, -20
  35              		.cfi_offset 6, -16
  36              		.cfi_offset 7, -12
  37              		.cfi_offset 8, -8
  38              		.cfi_offset 14, -4
  39 0004 86B0     		sub	sp, sp, #24
  40              	.LCFI1:
  41              		.cfi_def_cfa_offset 48
 255:Core/Src/main.c ****   GPIO_InitTypeDef GPIO_InitStruct = {0};
  42              		.loc 1 255 3 view .LVU1
  43              		.loc 1 255 20 is_stmt 0 view .LVU2
  44 0006 0024     		movs	r4, #0
  45 0008 0294     		str	r4, [sp, #8]
  46 000a 0394     		str	r4, [sp, #12]
  47 000c 0494     		str	r4, [sp, #16]
  48 000e 0594     		str	r4, [sp, #20]
 256:Core/Src/main.c **** /* USER CODE BEGIN MX_GPIO_Init_1 */
 257:Core/Src/main.c **** /* USER CODE END MX_GPIO_Init_1 */
 258:Core/Src/main.c **** 
 259:Core/Src/main.c ****   /* GPIO Ports Clock Enable */
 260:Core/Src/main.c ****   __HAL_RCC_GPIOA_CLK_ENABLE();
  49              		.loc 1 260 3 is_stmt 1 view .LVU3
  50              	.LBB4:
  51              		.loc 1 260 3 view .LVU4
  52              		.loc 1 260 3 view .LVU5
  53 0010 1F4B     		ldr	r3, .L3
  54 0012 9A69     		ldr	r2, [r3, #24]
  55 0014 42F00402 		orr	r2, r2, #4
  56 0018 9A61     		str	r2, [r3, #24]
  57              		.loc 1 260 3 view .LVU6
  58 001a 9A69     		ldr	r2, [r3, #24]
  59 001c 02F00402 		and	r2, r2, #4
  60 0020 0092     		str	r2, [sp]
  61              		.loc 1 260 3 view .LVU7
  62 0022 009A     		ldr	r2, [sp]
  63              	.LBE4:
  64              		.loc 1 260 3 view .LVU8
 261:Core/Src/main.c ****   __HAL_RCC_GPIOB_CLK_ENABLE();
  65              		.loc 1 261 3 view .LVU9
  66              	.LBB5:
  67              		.loc 1 261 3 view .LVU10
  68              		.loc 1 261 3 view .LVU11
  69 0024 9A69     		ldr	r2, [r3, #24]
  70 0026 42F00802 		orr	r2, r2, #8
  71 002a 9A61     		str	r2, [r3, #24]
  72              		.loc 1 261 3 view .LVU12
  73 002c 9B69     		ldr	r3, [r3, #24]
  74 002e 03F00803 		and	r3, r3, #8
  75 0032 0193     		str	r3, [sp, #4]
  76              		.loc 1 261 3 view .LVU13
  77 0034 019B     		ldr	r3, [sp, #4]
  78              	.LBE5:
  79              		.loc 1 261 3 view .LVU14
 262:Core/Src/main.c **** 
 263:Core/Src/main.c ****   /*Configure GPIO pin Output Level */
 264:Core/Src/main.c ****   HAL_GPIO_WritePin(GPIOA, DOT_Pin|EN0_Pin|EN1_Pin|EN2_Pin
ARM GAS  C:\Users\tiend\AppData\Local\Temp\ccMmJo96.s 			page 7


  80              		.loc 1 264 3 view .LVU15
  81 0036 174D     		ldr	r5, .L3+4
  82 0038 2246     		mov	r2, r4
  83 003a 4FF47471 		mov	r1, #976
  84 003e 2846     		mov	r0, r5
  85 0040 FFF7FEFF 		bl	HAL_GPIO_WritePin
  86              	.LVL0:
 265:Core/Src/main.c ****                           |EN3_Pin, GPIO_PIN_RESET);
 266:Core/Src/main.c **** 
 267:Core/Src/main.c ****   /*Configure GPIO pin Output Level */
 268:Core/Src/main.c ****   HAL_GPIO_WritePin(GPIOA, GPIO_PIN_5, GPIO_PIN_SET);
  87              		.loc 1 268 3 view .LVU16
  88 0044 0122     		movs	r2, #1
  89 0046 2021     		movs	r1, #32
  90 0048 2846     		mov	r0, r5
  91 004a FFF7FEFF 		bl	HAL_GPIO_WritePin
  92              	.LVL1:
 269:Core/Src/main.c **** 
 270:Core/Src/main.c ****   /*Configure GPIO pin Output Level */
 271:Core/Src/main.c ****   HAL_GPIO_WritePin(GPIOB, seg0_Pin|seg1_Pin|seg2_Pin|seg3_Pin
  93              		.loc 1 271 3 view .LVU17
  94 004e 124E     		ldr	r6, .L3+8
  95 0050 2246     		mov	r2, r4
  96 0052 7F21     		movs	r1, #127
  97 0054 3046     		mov	r0, r6
  98 0056 FFF7FEFF 		bl	HAL_GPIO_WritePin
  99              	.LVL2:
 272:Core/Src/main.c ****                           |seg4_Pin|seg5_Pin|seg6_Pin, GPIO_PIN_RESET);
 273:Core/Src/main.c **** 
 274:Core/Src/main.c ****   /*Configure GPIO pins : DOT_Pin PA5 EN0_Pin EN1_Pin
 275:Core/Src/main.c ****                            EN2_Pin EN3_Pin */
 276:Core/Src/main.c ****   GPIO_InitStruct.Pin = DOT_Pin|GPIO_PIN_5|EN0_Pin|EN1_Pin
 100              		.loc 1 276 3 view .LVU18
 101              		.loc 1 276 23 is_stmt 0 view .LVU19
 102 005a 4FF47C73 		mov	r3, #1008
 103 005e 0293     		str	r3, [sp, #8]
 277:Core/Src/main.c ****                           |EN2_Pin|EN3_Pin;
 278:Core/Src/main.c ****   GPIO_InitStruct.Mode = GPIO_MODE_OUTPUT_PP;
 104              		.loc 1 278 3 is_stmt 1 view .LVU20
 105              		.loc 1 278 24 is_stmt 0 view .LVU21
 106 0060 4FF00108 		mov	r8, #1
 107 0064 CDF80C80 		str	r8, [sp, #12]
 279:Core/Src/main.c ****   GPIO_InitStruct.Pull = GPIO_NOPULL;
 108              		.loc 1 279 3 is_stmt 1 view .LVU22
 109              		.loc 1 279 24 is_stmt 0 view .LVU23
 110 0068 0494     		str	r4, [sp, #16]
 280:Core/Src/main.c ****   GPIO_InitStruct.Speed = GPIO_SPEED_FREQ_LOW;
 111              		.loc 1 280 3 is_stmt 1 view .LVU24
 112              		.loc 1 280 25 is_stmt 0 view .LVU25
 113 006a 0227     		movs	r7, #2
 114 006c 0597     		str	r7, [sp, #20]
 281:Core/Src/main.c ****   HAL_GPIO_Init(GPIOA, &GPIO_InitStruct);
 115              		.loc 1 281 3 is_stmt 1 view .LVU26
 116 006e 02A9     		add	r1, sp, #8
 117 0070 2846     		mov	r0, r5
 118 0072 FFF7FEFF 		bl	HAL_GPIO_Init
 119              	.LVL3:
ARM GAS  C:\Users\tiend\AppData\Local\Temp\ccMmJo96.s 			page 8


 282:Core/Src/main.c **** 
 283:Core/Src/main.c ****   /*Configure GPIO pins : seg0_Pin seg1_Pin seg2_Pin seg3_Pin
 284:Core/Src/main.c ****                            seg4_Pin seg5_Pin seg6_Pin */
 285:Core/Src/main.c ****   GPIO_InitStruct.Pin = seg0_Pin|seg1_Pin|seg2_Pin|seg3_Pin
 120              		.loc 1 285 3 view .LVU27
 121              		.loc 1 285 23 is_stmt 0 view .LVU28
 122 0076 7F23     		movs	r3, #127
 123 0078 0293     		str	r3, [sp, #8]
 286:Core/Src/main.c ****                           |seg4_Pin|seg5_Pin|seg6_Pin;
 287:Core/Src/main.c ****   GPIO_InitStruct.Mode = GPIO_MODE_OUTPUT_PP;
 124              		.loc 1 287 3 is_stmt 1 view .LVU29
 125              		.loc 1 287 24 is_stmt 0 view .LVU30
 126 007a CDF80C80 		str	r8, [sp, #12]
 288:Core/Src/main.c ****   GPIO_InitStruct.Pull = GPIO_NOPULL;
 127              		.loc 1 288 3 is_stmt 1 view .LVU31
 128              		.loc 1 288 24 is_stmt 0 view .LVU32
 129 007e 0494     		str	r4, [sp, #16]
 289:Core/Src/main.c ****   GPIO_InitStruct.Speed = GPIO_SPEED_FREQ_LOW;
 130              		.loc 1 289 3 is_stmt 1 view .LVU33
 131              		.loc 1 289 25 is_stmt 0 view .LVU34
 132 0080 0597     		str	r7, [sp, #20]
 290:Core/Src/main.c ****   HAL_GPIO_Init(GPIOB, &GPIO_InitStruct);
 133              		.loc 1 290 3 is_stmt 1 view .LVU35
 134 0082 02A9     		add	r1, sp, #8
 135 0084 3046     		mov	r0, r6
 136 0086 FFF7FEFF 		bl	HAL_GPIO_Init
 137              	.LVL4:
 291:Core/Src/main.c **** 
 292:Core/Src/main.c **** /* USER CODE BEGIN MX_GPIO_Init_2 */
 293:Core/Src/main.c **** /* USER CODE END MX_GPIO_Init_2 */
 294:Core/Src/main.c **** }
 138              		.loc 1 294 1 is_stmt 0 view .LVU36
 139 008a 06B0     		add	sp, sp, #24
 140              	.LCFI2:
 141              		.cfi_def_cfa_offset 24
 142              		@ sp needed
 143 008c BDE8F081 		pop	{r4, r5, r6, r7, r8, pc}
 144              	.L4:
 145              		.align	2
 146              	.L3:
 147 0090 00100240 		.word	1073876992
 148 0094 00080140 		.word	1073809408
 149 0098 000C0140 		.word	1073810432
 150              		.cfi_endproc
 151              	.LFE70:
 153              		.section	.text.updateClockBuffer,"ax",%progbits
 154              		.align	1
 155              		.global	updateClockBuffer
 156              		.syntax unified
 157              		.thumb
 158              		.thumb_func
 160              	updateClockBuffer:
 161              	.LFB65:
  69:Core/Src/main.c ****     led_buffer[0] = hour/10;
 162              		.loc 1 69 26 is_stmt 1 view -0
 163              		.cfi_startproc
 164              		@ args = 0, pretend = 0, frame = 0
ARM GAS  C:\Users\tiend\AppData\Local\Temp\ccMmJo96.s 			page 9


 165              		@ frame_needed = 0, uses_anonymous_args = 0
 166              		@ link register save eliminated.
 167 0000 10B4     		push	{r4}
 168              	.LCFI3:
 169              		.cfi_def_cfa_offset 4
 170              		.cfi_offset 4, -4
  70:Core/Src/main.c ****     led_buffer[1] = hour % 10;
 171              		.loc 1 70 5 view .LVU38
  70:Core/Src/main.c ****     led_buffer[1] = hour % 10;
 172              		.loc 1 70 25 is_stmt 0 view .LVU39
 173 0002 0F4B     		ldr	r3, .L7
 174 0004 1C68     		ldr	r4, [r3]
 175 0006 0F4B     		ldr	r3, .L7+4
 176 0008 83FB0421 		smull	r2, r1, r3, r4
 177 000c E217     		asrs	r2, r4, #31
 178 000e C2EBA102 		rsb	r2, r2, r1, asr #2
  70:Core/Src/main.c ****     led_buffer[1] = hour % 10;
 179              		.loc 1 70 19 view .LVU40
 180 0012 0D48     		ldr	r0, .L7+8
 181 0014 0260     		str	r2, [r0]
  71:Core/Src/main.c ****     led_buffer[2] = minute / 10;
 182              		.loc 1 71 5 is_stmt 1 view .LVU41
  71:Core/Src/main.c ****     led_buffer[2] = minute / 10;
 183              		.loc 1 71 26 is_stmt 0 view .LVU42
 184 0016 02EB8202 		add	r2, r2, r2, lsl #2
 185 001a 5100     		lsls	r1, r2, #1
 186 001c 611A     		subs	r1, r4, r1
  71:Core/Src/main.c ****     led_buffer[2] = minute / 10;
 187              		.loc 1 71 19 view .LVU43
 188 001e 4160     		str	r1, [r0, #4]
  72:Core/Src/main.c ****     led_buffer[3] = minute % 10;
 189              		.loc 1 72 5 is_stmt 1 view .LVU44
  72:Core/Src/main.c ****     led_buffer[3] = minute % 10;
 190              		.loc 1 72 28 is_stmt 0 view .LVU45
 191 0020 0A4A     		ldr	r2, .L7+12
 192 0022 1168     		ldr	r1, [r2]
 193 0024 83FB0132 		smull	r3, r2, r3, r1
 194 0028 CB17     		asrs	r3, r1, #31
 195 002a C3EBA203 		rsb	r3, r3, r2, asr #2
  72:Core/Src/main.c ****     led_buffer[3] = minute % 10;
 196              		.loc 1 72 19 view .LVU46
 197 002e 8360     		str	r3, [r0, #8]
  73:Core/Src/main.c **** }
 198              		.loc 1 73 5 is_stmt 1 view .LVU47
  73:Core/Src/main.c **** }
 199              		.loc 1 73 28 is_stmt 0 view .LVU48
 200 0030 03EB8303 		add	r3, r3, r3, lsl #2
 201 0034 5A00     		lsls	r2, r3, #1
 202 0036 8A1A     		subs	r2, r1, r2
  73:Core/Src/main.c **** }
 203              		.loc 1 73 19 view .LVU49
 204 0038 C260     		str	r2, [r0, #12]
  74:Core/Src/main.c **** 
 205              		.loc 1 74 1 view .LVU50
 206 003a 10BC     		pop	{r4}
 207              	.LCFI4:
 208              		.cfi_restore 4
ARM GAS  C:\Users\tiend\AppData\Local\Temp\ccMmJo96.s 			page 10


 209              		.cfi_def_cfa_offset 0
 210 003c 7047     		bx	lr
 211              	.L8:
 212 003e 00BF     		.align	2
 213              	.L7:
 214 0040 00000000 		.word	.LANCHOR0
 215 0044 67666666 		.word	1717986919
 216 0048 00000000 		.word	.LANCHOR1
 217 004c 00000000 		.word	.LANCHOR2
 218              		.cfi_endproc
 219              	.LFE65:
 221              		.section	.text.HAL_TIM_PeriodElapsedCallback,"ax",%progbits
 222              		.align	1
 223              		.global	HAL_TIM_PeriodElapsedCallback
 224              		.syntax unified
 225              		.thumb
 226              		.thumb_func
 228              	HAL_TIM_PeriodElapsedCallback:
 229              	.LVL5:
 230              	.LFB66:
  77:Core/Src/main.c ****   if (htim->Instance == TIM2)
 231              		.loc 1 77 1 is_stmt 1 view -0
 232              		.cfi_startproc
 233              		@ args = 0, pretend = 0, frame = 0
 234              		@ frame_needed = 0, uses_anonymous_args = 0
  77:Core/Src/main.c ****   if (htim->Instance == TIM2)
 235              		.loc 1 77 1 is_stmt 0 view .LVU52
 236 0000 08B5     		push	{r3, lr}
 237              	.LCFI5:
 238              		.cfi_def_cfa_offset 8
 239              		.cfi_offset 3, -8
 240              		.cfi_offset 14, -4
  78:Core/Src/main.c ****   {
 241              		.loc 1 78 3 is_stmt 1 view .LVU53
  78:Core/Src/main.c ****   {
 242              		.loc 1 78 11 is_stmt 0 view .LVU54
 243 0002 0368     		ldr	r3, [r0]
  78:Core/Src/main.c ****   {
 244              		.loc 1 78 6 view .LVU55
 245 0004 B3F1804F 		cmp	r3, #1073741824
 246 0008 00D0     		beq	.L12
 247              	.LVL6:
 248              	.L9:
  84:Core/Src/main.c **** 
 249              		.loc 1 84 1 view .LVU56
 250 000a 08BD     		pop	{r3, pc}
 251              	.LVL7:
 252              	.L12:
  80:Core/Src/main.c **** 
 253              		.loc 1 80 5 is_stmt 1 view .LVU57
 254 000c FFF7FEFF 		bl	timer_run
 255              	.LVL8:
  84:Core/Src/main.c **** 
 256              		.loc 1 84 1 is_stmt 0 view .LVU58
 257 0010 FBE7     		b	.L9
 258              		.cfi_endproc
 259              	.LFE66:
ARM GAS  C:\Users\tiend\AppData\Local\Temp\ccMmJo96.s 			page 11


 261              		.section	.text.Error_Handler,"ax",%progbits
 262              		.align	1
 263              		.global	Error_Handler
 264              		.syntax unified
 265              		.thumb
 266              		.thumb_func
 268              	Error_Handler:
 269              	.LFB71:
 295:Core/Src/main.c **** 
 296:Core/Src/main.c **** /* USER CODE BEGIN 4 */
 297:Core/Src/main.c **** 
 298:Core/Src/main.c **** /* USER CODE END 4 */
 299:Core/Src/main.c **** 
 300:Core/Src/main.c **** /**
 301:Core/Src/main.c ****   * @brief  This function is executed in case of error occurrence.
 302:Core/Src/main.c ****   * @retval None
 303:Core/Src/main.c ****   */
 304:Core/Src/main.c **** void Error_Handler(void)
 305:Core/Src/main.c **** {
 270              		.loc 1 305 1 is_stmt 1 view -0
 271              		.cfi_startproc
 272              		@ Volatile: function does not return.
 273              		@ args = 0, pretend = 0, frame = 0
 274              		@ frame_needed = 0, uses_anonymous_args = 0
 275              		@ link register save eliminated.
 306:Core/Src/main.c ****   /* USER CODE BEGIN Error_Handler_Debug */
 307:Core/Src/main.c ****   /* User can add his own implementation to report the HAL error return state */
 308:Core/Src/main.c ****   __disable_irq();
 276              		.loc 1 308 3 view .LVU60
 277              	.LBB6:
 278              	.LBI6:
 279              		.file 2 "Drivers/CMSIS/Include/cmsis_gcc.h"
   1:Drivers/CMSIS/Include/cmsis_gcc.h **** /**************************************************************************//**
   2:Drivers/CMSIS/Include/cmsis_gcc.h ****  * @file     cmsis_gcc.h
   3:Drivers/CMSIS/Include/cmsis_gcc.h ****  * @brief    CMSIS compiler GCC header file
   4:Drivers/CMSIS/Include/cmsis_gcc.h ****  * @version  V5.0.4
   5:Drivers/CMSIS/Include/cmsis_gcc.h ****  * @date     09. April 2018
   6:Drivers/CMSIS/Include/cmsis_gcc.h ****  ******************************************************************************/
   7:Drivers/CMSIS/Include/cmsis_gcc.h **** /*
   8:Drivers/CMSIS/Include/cmsis_gcc.h ****  * Copyright (c) 2009-2018 Arm Limited. All rights reserved.
   9:Drivers/CMSIS/Include/cmsis_gcc.h ****  *
  10:Drivers/CMSIS/Include/cmsis_gcc.h ****  * SPDX-License-Identifier: Apache-2.0
  11:Drivers/CMSIS/Include/cmsis_gcc.h ****  *
  12:Drivers/CMSIS/Include/cmsis_gcc.h ****  * Licensed under the Apache License, Version 2.0 (the License); you may
  13:Drivers/CMSIS/Include/cmsis_gcc.h ****  * not use this file except in compliance with the License.
  14:Drivers/CMSIS/Include/cmsis_gcc.h ****  * You may obtain a copy of the License at
  15:Drivers/CMSIS/Include/cmsis_gcc.h ****  *
  16:Drivers/CMSIS/Include/cmsis_gcc.h ****  * www.apache.org/licenses/LICENSE-2.0
  17:Drivers/CMSIS/Include/cmsis_gcc.h ****  *
  18:Drivers/CMSIS/Include/cmsis_gcc.h ****  * Unless required by applicable law or agreed to in writing, software
  19:Drivers/CMSIS/Include/cmsis_gcc.h ****  * distributed under the License is distributed on an AS IS BASIS, WITHOUT
  20:Drivers/CMSIS/Include/cmsis_gcc.h ****  * WARRANTIES OR CONDITIONS OF ANY KIND, either express or implied.
  21:Drivers/CMSIS/Include/cmsis_gcc.h ****  * See the License for the specific language governing permissions and
  22:Drivers/CMSIS/Include/cmsis_gcc.h ****  * limitations under the License.
  23:Drivers/CMSIS/Include/cmsis_gcc.h ****  */
  24:Drivers/CMSIS/Include/cmsis_gcc.h **** 
  25:Drivers/CMSIS/Include/cmsis_gcc.h **** #ifndef __CMSIS_GCC_H
ARM GAS  C:\Users\tiend\AppData\Local\Temp\ccMmJo96.s 			page 12


  26:Drivers/CMSIS/Include/cmsis_gcc.h **** #define __CMSIS_GCC_H
  27:Drivers/CMSIS/Include/cmsis_gcc.h **** 
  28:Drivers/CMSIS/Include/cmsis_gcc.h **** /* ignore some GCC warnings */
  29:Drivers/CMSIS/Include/cmsis_gcc.h **** #pragma GCC diagnostic push
  30:Drivers/CMSIS/Include/cmsis_gcc.h **** #pragma GCC diagnostic ignored "-Wsign-conversion"
  31:Drivers/CMSIS/Include/cmsis_gcc.h **** #pragma GCC diagnostic ignored "-Wconversion"
  32:Drivers/CMSIS/Include/cmsis_gcc.h **** #pragma GCC diagnostic ignored "-Wunused-parameter"
  33:Drivers/CMSIS/Include/cmsis_gcc.h **** 
  34:Drivers/CMSIS/Include/cmsis_gcc.h **** /* Fallback for __has_builtin */
  35:Drivers/CMSIS/Include/cmsis_gcc.h **** #ifndef __has_builtin
  36:Drivers/CMSIS/Include/cmsis_gcc.h ****   #define __has_builtin(x) (0)
  37:Drivers/CMSIS/Include/cmsis_gcc.h **** #endif
  38:Drivers/CMSIS/Include/cmsis_gcc.h **** 
  39:Drivers/CMSIS/Include/cmsis_gcc.h **** /* CMSIS compiler specific defines */
  40:Drivers/CMSIS/Include/cmsis_gcc.h **** #ifndef   __ASM
  41:Drivers/CMSIS/Include/cmsis_gcc.h ****   #define __ASM                                  __asm
  42:Drivers/CMSIS/Include/cmsis_gcc.h **** #endif
  43:Drivers/CMSIS/Include/cmsis_gcc.h **** #ifndef   __INLINE
  44:Drivers/CMSIS/Include/cmsis_gcc.h ****   #define __INLINE                               inline
  45:Drivers/CMSIS/Include/cmsis_gcc.h **** #endif
  46:Drivers/CMSIS/Include/cmsis_gcc.h **** #ifndef   __STATIC_INLINE
  47:Drivers/CMSIS/Include/cmsis_gcc.h ****   #define __STATIC_INLINE                        static inline
  48:Drivers/CMSIS/Include/cmsis_gcc.h **** #endif
  49:Drivers/CMSIS/Include/cmsis_gcc.h **** #ifndef   __STATIC_FORCEINLINE                 
  50:Drivers/CMSIS/Include/cmsis_gcc.h ****   #define __STATIC_FORCEINLINE                   __attribute__((always_inline)) static inline
  51:Drivers/CMSIS/Include/cmsis_gcc.h **** #endif                                           
  52:Drivers/CMSIS/Include/cmsis_gcc.h **** #ifndef   __NO_RETURN
  53:Drivers/CMSIS/Include/cmsis_gcc.h ****   #define __NO_RETURN                            __attribute__((__noreturn__))
  54:Drivers/CMSIS/Include/cmsis_gcc.h **** #endif
  55:Drivers/CMSIS/Include/cmsis_gcc.h **** #ifndef   __USED
  56:Drivers/CMSIS/Include/cmsis_gcc.h ****   #define __USED                                 __attribute__((used))
  57:Drivers/CMSIS/Include/cmsis_gcc.h **** #endif
  58:Drivers/CMSIS/Include/cmsis_gcc.h **** #ifndef   __WEAK
  59:Drivers/CMSIS/Include/cmsis_gcc.h ****   #define __WEAK                                 __attribute__((weak))
  60:Drivers/CMSIS/Include/cmsis_gcc.h **** #endif
  61:Drivers/CMSIS/Include/cmsis_gcc.h **** #ifndef   __PACKED
  62:Drivers/CMSIS/Include/cmsis_gcc.h ****   #define __PACKED                               __attribute__((packed, aligned(1)))
  63:Drivers/CMSIS/Include/cmsis_gcc.h **** #endif
  64:Drivers/CMSIS/Include/cmsis_gcc.h **** #ifndef   __PACKED_STRUCT
  65:Drivers/CMSIS/Include/cmsis_gcc.h ****   #define __PACKED_STRUCT                        struct __attribute__((packed, aligned(1)))
  66:Drivers/CMSIS/Include/cmsis_gcc.h **** #endif
  67:Drivers/CMSIS/Include/cmsis_gcc.h **** #ifndef   __PACKED_UNION
  68:Drivers/CMSIS/Include/cmsis_gcc.h ****   #define __PACKED_UNION                         union __attribute__((packed, aligned(1)))
  69:Drivers/CMSIS/Include/cmsis_gcc.h **** #endif
  70:Drivers/CMSIS/Include/cmsis_gcc.h **** #ifndef   __UNALIGNED_UINT32        /* deprecated */
  71:Drivers/CMSIS/Include/cmsis_gcc.h ****   #pragma GCC diagnostic push
  72:Drivers/CMSIS/Include/cmsis_gcc.h ****   #pragma GCC diagnostic ignored "-Wpacked"
  73:Drivers/CMSIS/Include/cmsis_gcc.h ****   #pragma GCC diagnostic ignored "-Wattributes"
  74:Drivers/CMSIS/Include/cmsis_gcc.h ****   struct __attribute__((packed)) T_UINT32 { uint32_t v; };
  75:Drivers/CMSIS/Include/cmsis_gcc.h ****   #pragma GCC diagnostic pop
  76:Drivers/CMSIS/Include/cmsis_gcc.h ****   #define __UNALIGNED_UINT32(x)                  (((struct T_UINT32 *)(x))->v)
  77:Drivers/CMSIS/Include/cmsis_gcc.h **** #endif
  78:Drivers/CMSIS/Include/cmsis_gcc.h **** #ifndef   __UNALIGNED_UINT16_WRITE
  79:Drivers/CMSIS/Include/cmsis_gcc.h ****   #pragma GCC diagnostic push
  80:Drivers/CMSIS/Include/cmsis_gcc.h ****   #pragma GCC diagnostic ignored "-Wpacked"
  81:Drivers/CMSIS/Include/cmsis_gcc.h ****   #pragma GCC diagnostic ignored "-Wattributes"
  82:Drivers/CMSIS/Include/cmsis_gcc.h ****   __PACKED_STRUCT T_UINT16_WRITE { uint16_t v; };
ARM GAS  C:\Users\tiend\AppData\Local\Temp\ccMmJo96.s 			page 13


  83:Drivers/CMSIS/Include/cmsis_gcc.h ****   #pragma GCC diagnostic pop
  84:Drivers/CMSIS/Include/cmsis_gcc.h ****   #define __UNALIGNED_UINT16_WRITE(addr, val)    (void)((((struct T_UINT16_WRITE *)(void *)(addr))-
  85:Drivers/CMSIS/Include/cmsis_gcc.h **** #endif
  86:Drivers/CMSIS/Include/cmsis_gcc.h **** #ifndef   __UNALIGNED_UINT16_READ
  87:Drivers/CMSIS/Include/cmsis_gcc.h ****   #pragma GCC diagnostic push
  88:Drivers/CMSIS/Include/cmsis_gcc.h ****   #pragma GCC diagnostic ignored "-Wpacked"
  89:Drivers/CMSIS/Include/cmsis_gcc.h ****   #pragma GCC diagnostic ignored "-Wattributes"
  90:Drivers/CMSIS/Include/cmsis_gcc.h ****   __PACKED_STRUCT T_UINT16_READ { uint16_t v; };
  91:Drivers/CMSIS/Include/cmsis_gcc.h ****   #pragma GCC diagnostic pop
  92:Drivers/CMSIS/Include/cmsis_gcc.h ****   #define __UNALIGNED_UINT16_READ(addr)          (((const struct T_UINT16_READ *)(const void *)(add
  93:Drivers/CMSIS/Include/cmsis_gcc.h **** #endif
  94:Drivers/CMSIS/Include/cmsis_gcc.h **** #ifndef   __UNALIGNED_UINT32_WRITE
  95:Drivers/CMSIS/Include/cmsis_gcc.h ****   #pragma GCC diagnostic push
  96:Drivers/CMSIS/Include/cmsis_gcc.h ****   #pragma GCC diagnostic ignored "-Wpacked"
  97:Drivers/CMSIS/Include/cmsis_gcc.h ****   #pragma GCC diagnostic ignored "-Wattributes"
  98:Drivers/CMSIS/Include/cmsis_gcc.h ****   __PACKED_STRUCT T_UINT32_WRITE { uint32_t v; };
  99:Drivers/CMSIS/Include/cmsis_gcc.h ****   #pragma GCC diagnostic pop
 100:Drivers/CMSIS/Include/cmsis_gcc.h ****   #define __UNALIGNED_UINT32_WRITE(addr, val)    (void)((((struct T_UINT32_WRITE *)(void *)(addr))-
 101:Drivers/CMSIS/Include/cmsis_gcc.h **** #endif
 102:Drivers/CMSIS/Include/cmsis_gcc.h **** #ifndef   __UNALIGNED_UINT32_READ
 103:Drivers/CMSIS/Include/cmsis_gcc.h ****   #pragma GCC diagnostic push
 104:Drivers/CMSIS/Include/cmsis_gcc.h ****   #pragma GCC diagnostic ignored "-Wpacked"
 105:Drivers/CMSIS/Include/cmsis_gcc.h ****   #pragma GCC diagnostic ignored "-Wattributes"
 106:Drivers/CMSIS/Include/cmsis_gcc.h ****   __PACKED_STRUCT T_UINT32_READ { uint32_t v; };
 107:Drivers/CMSIS/Include/cmsis_gcc.h ****   #pragma GCC diagnostic pop
 108:Drivers/CMSIS/Include/cmsis_gcc.h ****   #define __UNALIGNED_UINT32_READ(addr)          (((const struct T_UINT32_READ *)(const void *)(add
 109:Drivers/CMSIS/Include/cmsis_gcc.h **** #endif
 110:Drivers/CMSIS/Include/cmsis_gcc.h **** #ifndef   __ALIGNED
 111:Drivers/CMSIS/Include/cmsis_gcc.h ****   #define __ALIGNED(x)                           __attribute__((aligned(x)))
 112:Drivers/CMSIS/Include/cmsis_gcc.h **** #endif
 113:Drivers/CMSIS/Include/cmsis_gcc.h **** #ifndef   __RESTRICT
 114:Drivers/CMSIS/Include/cmsis_gcc.h ****   #define __RESTRICT                             __restrict
 115:Drivers/CMSIS/Include/cmsis_gcc.h **** #endif
 116:Drivers/CMSIS/Include/cmsis_gcc.h **** 
 117:Drivers/CMSIS/Include/cmsis_gcc.h **** 
 118:Drivers/CMSIS/Include/cmsis_gcc.h **** /* ###########################  Core Function Access  ########################### */
 119:Drivers/CMSIS/Include/cmsis_gcc.h **** /** \ingroup  CMSIS_Core_FunctionInterface
 120:Drivers/CMSIS/Include/cmsis_gcc.h ****     \defgroup CMSIS_Core_RegAccFunctions CMSIS Core Register Access Functions
 121:Drivers/CMSIS/Include/cmsis_gcc.h ****   @{
 122:Drivers/CMSIS/Include/cmsis_gcc.h ****  */
 123:Drivers/CMSIS/Include/cmsis_gcc.h **** 
 124:Drivers/CMSIS/Include/cmsis_gcc.h **** /**
 125:Drivers/CMSIS/Include/cmsis_gcc.h ****   \brief   Enable IRQ Interrupts
 126:Drivers/CMSIS/Include/cmsis_gcc.h ****   \details Enables IRQ interrupts by clearing the I-bit in the CPSR.
 127:Drivers/CMSIS/Include/cmsis_gcc.h ****            Can only be executed in Privileged modes.
 128:Drivers/CMSIS/Include/cmsis_gcc.h ****  */
 129:Drivers/CMSIS/Include/cmsis_gcc.h **** __STATIC_FORCEINLINE void __enable_irq(void)
 130:Drivers/CMSIS/Include/cmsis_gcc.h **** {
 131:Drivers/CMSIS/Include/cmsis_gcc.h ****   __ASM volatile ("cpsie i" : : : "memory");
 132:Drivers/CMSIS/Include/cmsis_gcc.h **** }
 133:Drivers/CMSIS/Include/cmsis_gcc.h **** 
 134:Drivers/CMSIS/Include/cmsis_gcc.h **** 
 135:Drivers/CMSIS/Include/cmsis_gcc.h **** /**
 136:Drivers/CMSIS/Include/cmsis_gcc.h ****   \brief   Disable IRQ Interrupts
 137:Drivers/CMSIS/Include/cmsis_gcc.h ****   \details Disables IRQ interrupts by setting the I-bit in the CPSR.
 138:Drivers/CMSIS/Include/cmsis_gcc.h ****            Can only be executed in Privileged modes.
 139:Drivers/CMSIS/Include/cmsis_gcc.h ****  */
ARM GAS  C:\Users\tiend\AppData\Local\Temp\ccMmJo96.s 			page 14


 140:Drivers/CMSIS/Include/cmsis_gcc.h **** __STATIC_FORCEINLINE void __disable_irq(void)
 280              		.loc 2 140 27 view .LVU61
 281              	.LBB7:
 141:Drivers/CMSIS/Include/cmsis_gcc.h **** {
 142:Drivers/CMSIS/Include/cmsis_gcc.h ****   __ASM volatile ("cpsid i" : : : "memory");
 282              		.loc 2 142 3 view .LVU62
 283              		.syntax unified
 284              	@ 142 "Drivers/CMSIS/Include/cmsis_gcc.h" 1
 285 0000 72B6     		cpsid i
 286              	@ 0 "" 2
 287              		.thumb
 288              		.syntax unified
 289              	.L14:
 290              	.LBE7:
 291              	.LBE6:
 309:Core/Src/main.c ****   while (1)
 292              		.loc 1 309 3 discriminator 1 view .LVU63
 310:Core/Src/main.c ****   {
 311:Core/Src/main.c ****   }
 293              		.loc 1 311 3 discriminator 1 view .LVU64
 309:Core/Src/main.c ****   while (1)
 294              		.loc 1 309 9 discriminator 1 view .LVU65
 295 0002 FEE7     		b	.L14
 296              		.cfi_endproc
 297              	.LFE71:
 299              		.section	.text.MX_TIM2_Init,"ax",%progbits
 300              		.align	1
 301              		.syntax unified
 302              		.thumb
 303              		.thumb_func
 305              	MX_TIM2_Init:
 306              	.LFB69:
 209:Core/Src/main.c **** 
 307              		.loc 1 209 1 view -0
 308              		.cfi_startproc
 309              		@ args = 0, pretend = 0, frame = 24
 310              		@ frame_needed = 0, uses_anonymous_args = 0
 311 0000 00B5     		push	{lr}
 312              	.LCFI6:
 313              		.cfi_def_cfa_offset 4
 314              		.cfi_offset 14, -4
 315 0002 87B0     		sub	sp, sp, #28
 316              	.LCFI7:
 317              		.cfi_def_cfa_offset 32
 215:Core/Src/main.c ****   TIM_MasterConfigTypeDef sMasterConfig = {0};
 318              		.loc 1 215 3 view .LVU67
 215:Core/Src/main.c ****   TIM_MasterConfigTypeDef sMasterConfig = {0};
 319              		.loc 1 215 26 is_stmt 0 view .LVU68
 320 0004 0023     		movs	r3, #0
 321 0006 0293     		str	r3, [sp, #8]
 322 0008 0393     		str	r3, [sp, #12]
 323 000a 0493     		str	r3, [sp, #16]
 324 000c 0593     		str	r3, [sp, #20]
 216:Core/Src/main.c **** 
 325              		.loc 1 216 3 is_stmt 1 view .LVU69
 216:Core/Src/main.c **** 
 326              		.loc 1 216 27 is_stmt 0 view .LVU70
ARM GAS  C:\Users\tiend\AppData\Local\Temp\ccMmJo96.s 			page 15


 327 000e 0093     		str	r3, [sp]
 328 0010 0193     		str	r3, [sp, #4]
 221:Core/Src/main.c ****   htim2.Init.Prescaler = 7999;
 329              		.loc 1 221 3 is_stmt 1 view .LVU71
 221:Core/Src/main.c ****   htim2.Init.Prescaler = 7999;
 330              		.loc 1 221 18 is_stmt 0 view .LVU72
 331 0012 1448     		ldr	r0, .L23
 332 0014 4FF08042 		mov	r2, #1073741824
 333 0018 0260     		str	r2, [r0]
 222:Core/Src/main.c ****   htim2.Init.CounterMode = TIM_COUNTERMODE_UP;
 334              		.loc 1 222 3 is_stmt 1 view .LVU73
 222:Core/Src/main.c ****   htim2.Init.CounterMode = TIM_COUNTERMODE_UP;
 335              		.loc 1 222 24 is_stmt 0 view .LVU74
 336 001a 41F63F72 		movw	r2, #7999
 337 001e 4260     		str	r2, [r0, #4]
 223:Core/Src/main.c ****   htim2.Init.Period = 9;
 338              		.loc 1 223 3 is_stmt 1 view .LVU75
 223:Core/Src/main.c ****   htim2.Init.Period = 9;
 339              		.loc 1 223 26 is_stmt 0 view .LVU76
 340 0020 8360     		str	r3, [r0, #8]
 224:Core/Src/main.c ****   htim2.Init.ClockDivision = TIM_CLOCKDIVISION_DIV1;
 341              		.loc 1 224 3 is_stmt 1 view .LVU77
 224:Core/Src/main.c ****   htim2.Init.ClockDivision = TIM_CLOCKDIVISION_DIV1;
 342              		.loc 1 224 21 is_stmt 0 view .LVU78
 343 0022 0922     		movs	r2, #9
 344 0024 C260     		str	r2, [r0, #12]
 225:Core/Src/main.c ****   htim2.Init.AutoReloadPreload = TIM_AUTORELOAD_PRELOAD_DISABLE;
 345              		.loc 1 225 3 is_stmt 1 view .LVU79
 225:Core/Src/main.c ****   htim2.Init.AutoReloadPreload = TIM_AUTORELOAD_PRELOAD_DISABLE;
 346              		.loc 1 225 28 is_stmt 0 view .LVU80
 347 0026 0361     		str	r3, [r0, #16]
 226:Core/Src/main.c ****   if (HAL_TIM_Base_Init(&htim2) != HAL_OK)
 348              		.loc 1 226 3 is_stmt 1 view .LVU81
 226:Core/Src/main.c ****   if (HAL_TIM_Base_Init(&htim2) != HAL_OK)
 349              		.loc 1 226 32 is_stmt 0 view .LVU82
 350 0028 8361     		str	r3, [r0, #24]
 227:Core/Src/main.c ****   {
 351              		.loc 1 227 3 is_stmt 1 view .LVU83
 227:Core/Src/main.c ****   {
 352              		.loc 1 227 7 is_stmt 0 view .LVU84
 353 002a FFF7FEFF 		bl	HAL_TIM_Base_Init
 354              	.LVL9:
 227:Core/Src/main.c ****   {
 355              		.loc 1 227 6 view .LVU85
 356 002e 90B9     		cbnz	r0, .L20
 231:Core/Src/main.c ****   if (HAL_TIM_ConfigClockSource(&htim2, &sClockSourceConfig) != HAL_OK)
 357              		.loc 1 231 3 is_stmt 1 view .LVU86
 231:Core/Src/main.c ****   if (HAL_TIM_ConfigClockSource(&htim2, &sClockSourceConfig) != HAL_OK)
 358              		.loc 1 231 34 is_stmt 0 view .LVU87
 359 0030 4FF48053 		mov	r3, #4096
 360 0034 0293     		str	r3, [sp, #8]
 232:Core/Src/main.c ****   {
 361              		.loc 1 232 3 is_stmt 1 view .LVU88
 232:Core/Src/main.c ****   {
 362              		.loc 1 232 7 is_stmt 0 view .LVU89
 363 0036 02A9     		add	r1, sp, #8
 364 0038 0A48     		ldr	r0, .L23
ARM GAS  C:\Users\tiend\AppData\Local\Temp\ccMmJo96.s 			page 16


 365 003a FFF7FEFF 		bl	HAL_TIM_ConfigClockSource
 366              	.LVL10:
 232:Core/Src/main.c ****   {
 367              		.loc 1 232 6 view .LVU90
 368 003e 60B9     		cbnz	r0, .L21
 236:Core/Src/main.c ****   sMasterConfig.MasterSlaveMode = TIM_MASTERSLAVEMODE_DISABLE;
 369              		.loc 1 236 3 is_stmt 1 view .LVU91
 236:Core/Src/main.c ****   sMasterConfig.MasterSlaveMode = TIM_MASTERSLAVEMODE_DISABLE;
 370              		.loc 1 236 37 is_stmt 0 view .LVU92
 371 0040 0023     		movs	r3, #0
 372 0042 0093     		str	r3, [sp]
 237:Core/Src/main.c ****   if (HAL_TIMEx_MasterConfigSynchronization(&htim2, &sMasterConfig) != HAL_OK)
 373              		.loc 1 237 3 is_stmt 1 view .LVU93
 237:Core/Src/main.c ****   if (HAL_TIMEx_MasterConfigSynchronization(&htim2, &sMasterConfig) != HAL_OK)
 374              		.loc 1 237 33 is_stmt 0 view .LVU94
 375 0044 0193     		str	r3, [sp, #4]
 238:Core/Src/main.c ****   {
 376              		.loc 1 238 3 is_stmt 1 view .LVU95
 238:Core/Src/main.c ****   {
 377              		.loc 1 238 7 is_stmt 0 view .LVU96
 378 0046 6946     		mov	r1, sp
 379 0048 0648     		ldr	r0, .L23
 380 004a FFF7FEFF 		bl	HAL_TIMEx_MasterConfigSynchronization
 381              	.LVL11:
 238:Core/Src/main.c ****   {
 382              		.loc 1 238 6 view .LVU97
 383 004e 30B9     		cbnz	r0, .L22
 246:Core/Src/main.c **** 
 384              		.loc 1 246 1 view .LVU98
 385 0050 07B0     		add	sp, sp, #28
 386              	.LCFI8:
 387              		.cfi_remember_state
 388              		.cfi_def_cfa_offset 4
 389              		@ sp needed
 390 0052 5DF804FB 		ldr	pc, [sp], #4
 391              	.L20:
 392              	.LCFI9:
 393              		.cfi_restore_state
 229:Core/Src/main.c ****   }
 394              		.loc 1 229 5 is_stmt 1 view .LVU99
 395 0056 FFF7FEFF 		bl	Error_Handler
 396              	.LVL12:
 397              	.L21:
 234:Core/Src/main.c ****   }
 398              		.loc 1 234 5 view .LVU100
 399 005a FFF7FEFF 		bl	Error_Handler
 400              	.LVL13:
 401              	.L22:
 240:Core/Src/main.c ****   }
 402              		.loc 1 240 5 view .LVU101
 403 005e FFF7FEFF 		bl	Error_Handler
 404              	.LVL14:
 405              	.L24:
 406 0062 00BF     		.align	2
 407              	.L23:
 408 0064 00000000 		.word	.LANCHOR3
 409              		.cfi_endproc
ARM GAS  C:\Users\tiend\AppData\Local\Temp\ccMmJo96.s 			page 17


 410              	.LFE69:
 412              		.section	.text.SystemClock_Config,"ax",%progbits
 413              		.align	1
 414              		.global	SystemClock_Config
 415              		.syntax unified
 416              		.thumb
 417              		.thumb_func
 419              	SystemClock_Config:
 420              	.LFB68:
 172:Core/Src/main.c ****   RCC_OscInitTypeDef RCC_OscInitStruct = {0};
 421              		.loc 1 172 1 view -0
 422              		.cfi_startproc
 423              		@ args = 0, pretend = 0, frame = 64
 424              		@ frame_needed = 0, uses_anonymous_args = 0
 425 0000 00B5     		push	{lr}
 426              	.LCFI10:
 427              		.cfi_def_cfa_offset 4
 428              		.cfi_offset 14, -4
 429 0002 91B0     		sub	sp, sp, #68
 430              	.LCFI11:
 431              		.cfi_def_cfa_offset 72
 173:Core/Src/main.c ****   RCC_ClkInitTypeDef RCC_ClkInitStruct = {0};
 432              		.loc 1 173 3 view .LVU103
 173:Core/Src/main.c ****   RCC_ClkInitTypeDef RCC_ClkInitStruct = {0};
 433              		.loc 1 173 22 is_stmt 0 view .LVU104
 434 0004 2822     		movs	r2, #40
 435 0006 0021     		movs	r1, #0
 436 0008 06A8     		add	r0, sp, #24
 437 000a FFF7FEFF 		bl	memset
 438              	.LVL15:
 174:Core/Src/main.c **** 
 439              		.loc 1 174 3 is_stmt 1 view .LVU105
 174:Core/Src/main.c **** 
 440              		.loc 1 174 22 is_stmt 0 view .LVU106
 441 000e 0023     		movs	r3, #0
 442 0010 0193     		str	r3, [sp, #4]
 443 0012 0293     		str	r3, [sp, #8]
 444 0014 0393     		str	r3, [sp, #12]
 445 0016 0493     		str	r3, [sp, #16]
 446 0018 0593     		str	r3, [sp, #20]
 179:Core/Src/main.c ****   RCC_OscInitStruct.HSIState = RCC_HSI_ON;
 447              		.loc 1 179 3 is_stmt 1 view .LVU107
 179:Core/Src/main.c ****   RCC_OscInitStruct.HSIState = RCC_HSI_ON;
 448              		.loc 1 179 36 is_stmt 0 view .LVU108
 449 001a 0223     		movs	r3, #2
 450 001c 0693     		str	r3, [sp, #24]
 180:Core/Src/main.c ****   RCC_OscInitStruct.HSICalibrationValue = RCC_HSICALIBRATION_DEFAULT;
 451              		.loc 1 180 3 is_stmt 1 view .LVU109
 180:Core/Src/main.c ****   RCC_OscInitStruct.HSICalibrationValue = RCC_HSICALIBRATION_DEFAULT;
 452              		.loc 1 180 30 is_stmt 0 view .LVU110
 453 001e 0123     		movs	r3, #1
 454 0020 0A93     		str	r3, [sp, #40]
 181:Core/Src/main.c ****   RCC_OscInitStruct.PLL.PLLState = RCC_PLL_NONE;
 455              		.loc 1 181 3 is_stmt 1 view .LVU111
 181:Core/Src/main.c ****   RCC_OscInitStruct.PLL.PLLState = RCC_PLL_NONE;
 456              		.loc 1 181 41 is_stmt 0 view .LVU112
 457 0022 1023     		movs	r3, #16
ARM GAS  C:\Users\tiend\AppData\Local\Temp\ccMmJo96.s 			page 18


 458 0024 0B93     		str	r3, [sp, #44]
 182:Core/Src/main.c ****   if (HAL_RCC_OscConfig(&RCC_OscInitStruct) != HAL_OK)
 459              		.loc 1 182 3 is_stmt 1 view .LVU113
 183:Core/Src/main.c ****   {
 460              		.loc 1 183 3 view .LVU114
 183:Core/Src/main.c ****   {
 461              		.loc 1 183 7 is_stmt 0 view .LVU115
 462 0026 06A8     		add	r0, sp, #24
 463 0028 FFF7FEFF 		bl	HAL_RCC_OscConfig
 464              	.LVL16:
 183:Core/Src/main.c ****   {
 465              		.loc 1 183 6 view .LVU116
 466 002c 68B9     		cbnz	r0, .L29
 190:Core/Src/main.c ****                               |RCC_CLOCKTYPE_PCLK1|RCC_CLOCKTYPE_PCLK2;
 467              		.loc 1 190 3 is_stmt 1 view .LVU117
 190:Core/Src/main.c ****                               |RCC_CLOCKTYPE_PCLK1|RCC_CLOCKTYPE_PCLK2;
 468              		.loc 1 190 31 is_stmt 0 view .LVU118
 469 002e 0F23     		movs	r3, #15
 470 0030 0193     		str	r3, [sp, #4]
 192:Core/Src/main.c ****   RCC_ClkInitStruct.AHBCLKDivider = RCC_SYSCLK_DIV1;
 471              		.loc 1 192 3 is_stmt 1 view .LVU119
 192:Core/Src/main.c ****   RCC_ClkInitStruct.AHBCLKDivider = RCC_SYSCLK_DIV1;
 472              		.loc 1 192 34 is_stmt 0 view .LVU120
 473 0032 0021     		movs	r1, #0
 474 0034 0291     		str	r1, [sp, #8]
 193:Core/Src/main.c ****   RCC_ClkInitStruct.APB1CLKDivider = RCC_HCLK_DIV1;
 475              		.loc 1 193 3 is_stmt 1 view .LVU121
 193:Core/Src/main.c ****   RCC_ClkInitStruct.APB1CLKDivider = RCC_HCLK_DIV1;
 476              		.loc 1 193 35 is_stmt 0 view .LVU122
 477 0036 0391     		str	r1, [sp, #12]
 194:Core/Src/main.c ****   RCC_ClkInitStruct.APB2CLKDivider = RCC_HCLK_DIV1;
 478              		.loc 1 194 3 is_stmt 1 view .LVU123
 194:Core/Src/main.c ****   RCC_ClkInitStruct.APB2CLKDivider = RCC_HCLK_DIV1;
 479              		.loc 1 194 36 is_stmt 0 view .LVU124
 480 0038 0491     		str	r1, [sp, #16]
 195:Core/Src/main.c **** 
 481              		.loc 1 195 3 is_stmt 1 view .LVU125
 195:Core/Src/main.c **** 
 482              		.loc 1 195 36 is_stmt 0 view .LVU126
 483 003a 0591     		str	r1, [sp, #20]
 197:Core/Src/main.c ****   {
 484              		.loc 1 197 3 is_stmt 1 view .LVU127
 197:Core/Src/main.c ****   {
 485              		.loc 1 197 7 is_stmt 0 view .LVU128
 486 003c 01A8     		add	r0, sp, #4
 487 003e FFF7FEFF 		bl	HAL_RCC_ClockConfig
 488              	.LVL17:
 197:Core/Src/main.c ****   {
 489              		.loc 1 197 6 view .LVU129
 490 0042 20B9     		cbnz	r0, .L30
 201:Core/Src/main.c **** 
 491              		.loc 1 201 1 view .LVU130
 492 0044 11B0     		add	sp, sp, #68
 493              	.LCFI12:
 494              		.cfi_remember_state
 495              		.cfi_def_cfa_offset 4
 496              		@ sp needed
ARM GAS  C:\Users\tiend\AppData\Local\Temp\ccMmJo96.s 			page 19


 497 0046 5DF804FB 		ldr	pc, [sp], #4
 498              	.L29:
 499              	.LCFI13:
 500              		.cfi_restore_state
 185:Core/Src/main.c ****   }
 501              		.loc 1 185 5 is_stmt 1 view .LVU131
 502 004a FFF7FEFF 		bl	Error_Handler
 503              	.LVL18:
 504              	.L30:
 199:Core/Src/main.c ****   }
 505              		.loc 1 199 5 view .LVU132
 506 004e FFF7FEFF 		bl	Error_Handler
 507              	.LVL19:
 508              		.cfi_endproc
 509              	.LFE68:
 511              		.section	.text.main,"ax",%progbits
 512              		.align	1
 513              		.global	main
 514              		.syntax unified
 515              		.thumb
 516              		.thumb_func
 518              	main:
 519              	.LFB67:
  93:Core/Src/main.c **** 
 520              		.loc 1 93 1 view -0
 521              		.cfi_startproc
 522              		@ Volatile: function does not return.
 523              		@ args = 0, pretend = 0, frame = 0
 524              		@ frame_needed = 0, uses_anonymous_args = 0
 525 0000 08B5     		push	{r3, lr}
 526              	.LCFI14:
 527              		.cfi_def_cfa_offset 8
 528              		.cfi_offset 3, -8
 529              		.cfi_offset 14, -4
 102:Core/Src/main.c **** 
 530              		.loc 1 102 3 view .LVU134
 531 0002 FFF7FEFF 		bl	HAL_Init
 532              	.LVL20:
 109:Core/Src/main.c **** 
 533              		.loc 1 109 3 view .LVU135
 534 0006 FFF7FEFF 		bl	SystemClock_Config
 535              	.LVL21:
 116:Core/Src/main.c ****   MX_TIM2_Init();
 536              		.loc 1 116 3 view .LVU136
 537 000a FFF7FEFF 		bl	MX_GPIO_Init
 538              	.LVL22:
 117:Core/Src/main.c ****   /* USER CODE BEGIN 2 */
 539              		.loc 1 117 3 view .LVU137
 540 000e FFF7FEFF 		bl	MX_TIM2_Init
 541              	.LVL23:
 119:Core/Src/main.c ****   set_timer(0, delay_led_init);
 542              		.loc 1 119 3 view .LVU138
 543 0012 3148     		ldr	r0, .L43
 544 0014 FFF7FEFF 		bl	HAL_TIM_Base_Start_IT
 545              	.LVL24:
 120:Core/Src/main.c ****   set_timer(1, delay_led7seg_init);
 546              		.loc 1 120 3 view .LVU139
ARM GAS  C:\Users\tiend\AppData\Local\Temp\ccMmJo96.s 			page 20


 547 0018 4FF47A71 		mov	r1, #1000
 548 001c 0020     		movs	r0, #0
 549 001e FFF7FEFF 		bl	set_timer
 550              	.LVL25:
 121:Core/Src/main.c **** 
 551              		.loc 1 121 3 view .LVU140
 552 0022 FA21     		movs	r1, #250
 553 0024 0120     		movs	r0, #1
 554 0026 FFF7FEFF 		bl	set_timer
 555              	.LVL26:
 123:Core/Src/main.c ****   timerFLag[2] = 1;
 556              		.loc 1 123 3 view .LVU141
 557 002a 4FF47A71 		mov	r1, #1000
 558 002e 0220     		movs	r0, #2
 559 0030 FFF7FEFF 		bl	set_timer
 560              	.LVL27:
 124:Core/Src/main.c ****   /* USER CODE END 2 */
 561              		.loc 1 124 3 view .LVU142
 124:Core/Src/main.c ****   /* USER CODE END 2 */
 562              		.loc 1 124 16 is_stmt 0 view .LVU143
 563 0034 294B     		ldr	r3, .L43+4
 564 0036 0122     		movs	r2, #1
 565 0038 9A60     		str	r2, [r3, #8]
 566 003a 11E0     		b	.L35
 567              	.L42:
 133:Core/Src/main.c ****       set_timer(0, delay_led_init);                      
 568              		.loc 1 133 7 is_stmt 1 view .LVU144
 569 003c 1021     		movs	r1, #16
 570 003e 2848     		ldr	r0, .L43+8
 571 0040 FFF7FEFF 		bl	HAL_GPIO_TogglePin
 572              	.LVL28:
 134:Core/Src/main.c ****     }
 573              		.loc 1 134 7 view .LVU145
 574 0044 4FF47A71 		mov	r1, #1000
 575 0048 0020     		movs	r0, #0
 576 004a FFF7FEFF 		bl	set_timer
 577              	.LVL29:
 578 004e 0BE0     		b	.L32
 579              	.L34:
 141:Core/Src/main.c ****     }
 580              		.loc 1 141 7 view .LVU146
 581 0050 FA21     		movs	r1, #250
 582 0052 0120     		movs	r0, #1
 583 0054 FFF7FEFF 		bl	set_timer
 584              	.LVL30:
 585              	.L33:
 143:Core/Src/main.c ****       second++;
 586              		.loc 1 143 5 view .LVU147
 143:Core/Src/main.c ****       second++;
 587              		.loc 1 143 17 is_stmt 0 view .LVU148
 588 0058 204B     		ldr	r3, .L43+4
 589 005a 9B68     		ldr	r3, [r3, #8]
 143:Core/Src/main.c ****       second++;
 590              		.loc 1 143 7 view .LVU149
 591 005c 012B     		cmp	r3, #1
 592 005e 13D0     		beq	.L41
 593              	.L35:
ARM GAS  C:\Users\tiend\AppData\Local\Temp\ccMmJo96.s 			page 21


 129:Core/Src/main.c ****   {
 594              		.loc 1 129 3 is_stmt 1 view .LVU150
 131:Core/Src/main.c ****     {
 595              		.loc 1 131 5 view .LVU151
 131:Core/Src/main.c ****     {
 596              		.loc 1 131 18 is_stmt 0 view .LVU152
 597 0060 1E4B     		ldr	r3, .L43+4
 598 0062 1B68     		ldr	r3, [r3]
 131:Core/Src/main.c ****     {
 599              		.loc 1 131 8 view .LVU153
 600 0064 012B     		cmp	r3, #1
 601 0066 E9D0     		beq	.L42
 602              	.L32:
 137:Core/Src/main.c ****     {
 603              		.loc 1 137 5 is_stmt 1 view .LVU154
 137:Core/Src/main.c ****     {
 604              		.loc 1 137 18 is_stmt 0 view .LVU155
 605 0068 1C4B     		ldr	r3, .L43+4
 606 006a 5B68     		ldr	r3, [r3, #4]
 137:Core/Src/main.c ****     {
 607              		.loc 1 137 8 view .LVU156
 608 006c 012B     		cmp	r3, #1
 609 006e F3D1     		bne	.L33
 139:Core/Src/main.c ****       if(index_led >= MAX_LED)  index_led = 0;
 610              		.loc 1 139 7 is_stmt 1 view .LVU157
 611 0070 1C4C     		ldr	r4, .L43+12
 612 0072 2068     		ldr	r0, [r4]
 613 0074 431C     		adds	r3, r0, #1
 614 0076 2360     		str	r3, [r4]
 615 0078 FFF7FEFF 		bl	update7SEG
 616              	.LVL31:
 140:Core/Src/main.c ****       set_timer(1, delay_led7seg_init);    
 617              		.loc 1 140 7 view .LVU158
 140:Core/Src/main.c ****       set_timer(1, delay_led7seg_init);    
 618              		.loc 1 140 20 is_stmt 0 view .LVU159
 619 007c 2368     		ldr	r3, [r4]
 140:Core/Src/main.c ****       set_timer(1, delay_led7seg_init);    
 620              		.loc 1 140 9 view .LVU160
 621 007e 032B     		cmp	r3, #3
 622 0080 E6DD     		ble	.L34
 140:Core/Src/main.c ****       set_timer(1, delay_led7seg_init);    
 623              		.loc 1 140 33 is_stmt 1 discriminator 1 view .LVU161
 140:Core/Src/main.c ****       set_timer(1, delay_led7seg_init);    
 624              		.loc 1 140 43 is_stmt 0 discriminator 1 view .LVU162
 625 0082 0022     		movs	r2, #0
 626 0084 2260     		str	r2, [r4]
 627 0086 E3E7     		b	.L34
 628              	.L41:
 144:Core/Src/main.c ****       if(second >= 60){
 629              		.loc 1 144 7 is_stmt 1 view .LVU163
 144:Core/Src/main.c ****       if(second >= 60){
 630              		.loc 1 144 13 is_stmt 0 view .LVU164
 631 0088 174A     		ldr	r2, .L43+16
 632 008a 1368     		ldr	r3, [r2]
 633 008c 0133     		adds	r3, r3, #1
 634 008e 1360     		str	r3, [r2]
 145:Core/Src/main.c ****         second = 0;
ARM GAS  C:\Users\tiend\AppData\Local\Temp\ccMmJo96.s 			page 22


 635              		.loc 1 145 7 is_stmt 1 view .LVU165
 145:Core/Src/main.c ****         second = 0;
 636              		.loc 1 145 9 is_stmt 0 view .LVU166
 637 0090 3B2B     		cmp	r3, #59
 638 0092 06DD     		ble	.L36
 146:Core/Src/main.c ****         minute++;
 639              		.loc 1 146 9 is_stmt 1 view .LVU167
 146:Core/Src/main.c ****         minute++;
 640              		.loc 1 146 16 is_stmt 0 view .LVU168
 641 0094 1346     		mov	r3, r2
 642 0096 0022     		movs	r2, #0
 643 0098 1A60     		str	r2, [r3]
 147:Core/Src/main.c ****       }
 644              		.loc 1 147 9 is_stmt 1 view .LVU169
 147:Core/Src/main.c ****       }
 645              		.loc 1 147 15 is_stmt 0 view .LVU170
 646 009a 144A     		ldr	r2, .L43+20
 647 009c 1368     		ldr	r3, [r2]
 648 009e 0133     		adds	r3, r3, #1
 649 00a0 1360     		str	r3, [r2]
 650              	.L36:
 149:Core/Src/main.c ****         minute = 0;
 651              		.loc 1 149 7 is_stmt 1 view .LVU171
 149:Core/Src/main.c ****         minute = 0;
 652              		.loc 1 149 17 is_stmt 0 view .LVU172
 653 00a2 124B     		ldr	r3, .L43+20
 654 00a4 1B68     		ldr	r3, [r3]
 149:Core/Src/main.c ****         minute = 0;
 655              		.loc 1 149 9 view .LVU173
 656 00a6 3B2B     		cmp	r3, #59
 657 00a8 06DD     		ble	.L37
 150:Core/Src/main.c ****         hour++;
 658              		.loc 1 150 9 is_stmt 1 view .LVU174
 150:Core/Src/main.c ****         hour++;
 659              		.loc 1 150 16 is_stmt 0 view .LVU175
 660 00aa 104B     		ldr	r3, .L43+20
 661 00ac 0022     		movs	r2, #0
 662 00ae 1A60     		str	r2, [r3]
 151:Core/Src/main.c ****       }
 663              		.loc 1 151 9 is_stmt 1 view .LVU176
 151:Core/Src/main.c ****       }
 664              		.loc 1 151 13 is_stmt 0 view .LVU177
 665 00b0 0F4A     		ldr	r2, .L43+24
 666 00b2 1368     		ldr	r3, [r2]
 667 00b4 0133     		adds	r3, r3, #1
 668 00b6 1360     		str	r3, [r2]
 669              	.L37:
 153:Core/Src/main.c ****         hour = 0;
 670              		.loc 1 153 7 is_stmt 1 view .LVU178
 153:Core/Src/main.c ****         hour = 0;
 671              		.loc 1 153 15 is_stmt 0 view .LVU179
 672 00b8 0D4B     		ldr	r3, .L43+24
 673 00ba 1B68     		ldr	r3, [r3]
 153:Core/Src/main.c ****         hour = 0;
 674              		.loc 1 153 9 view .LVU180
 675 00bc 172B     		cmp	r3, #23
 676 00be 02DD     		ble	.L38
ARM GAS  C:\Users\tiend\AppData\Local\Temp\ccMmJo96.s 			page 23


 154:Core/Src/main.c ****       }
 677              		.loc 1 154 9 is_stmt 1 view .LVU181
 154:Core/Src/main.c ****       }
 678              		.loc 1 154 14 is_stmt 0 view .LVU182
 679 00c0 0B4B     		ldr	r3, .L43+24
 680 00c2 0022     		movs	r2, #0
 681 00c4 1A60     		str	r2, [r3]
 682              	.L38:
 156:Core/Src/main.c ****       // HAL_Delay(1000);
 683              		.loc 1 156 7 is_stmt 1 view .LVU183
 684 00c6 FFF7FEFF 		bl	updateClockBuffer
 685              	.LVL32:
 158:Core/Src/main.c ****     }
 686              		.loc 1 158 7 view .LVU184
 687 00ca 4FF47A71 		mov	r1, #1000
 688 00ce 0220     		movs	r0, #2
 689 00d0 FFF7FEFF 		bl	set_timer
 690              	.LVL33:
 691 00d4 C4E7     		b	.L35
 692              	.L44:
 693 00d6 00BF     		.align	2
 694              	.L43:
 695 00d8 00000000 		.word	.LANCHOR3
 696 00dc 00000000 		.word	timerFLag
 697 00e0 00080140 		.word	1073809408
 698 00e4 00000000 		.word	.LANCHOR4
 699 00e8 00000000 		.word	.LANCHOR5
 700 00ec 00000000 		.word	.LANCHOR2
 701 00f0 00000000 		.word	.LANCHOR0
 702              		.cfi_endproc
 703              	.LFE67:
 705              		.global	second
 706              		.global	minute
 707              		.global	hour
 708              		.global	MAX_LED
 709              		.global	index_led
 710              		.global	led_buffer
 711              		.global	current_display
 712              		.global	led_toggle
 713              		.global	htim2
 714              		.section	.bss.current_display,"aw",%nobits
 715              		.align	2
 718              	current_display:
 719 0000 00000000 		.space	4
 720              		.section	.bss.htim2,"aw",%nobits
 721              		.align	2
 722              		.set	.LANCHOR3,. + 0
 725              	htim2:
 726 0000 00000000 		.space	72
 726      00000000 
 726      00000000 
 726      00000000 
 726      00000000 
 727              		.section	.bss.index_led,"aw",%nobits
 728              		.align	2
 729              		.set	.LANCHOR4,. + 0
 732              	index_led:
ARM GAS  C:\Users\tiend\AppData\Local\Temp\ccMmJo96.s 			page 24


 733 0000 00000000 		.space	4
 734              		.section	.bss.led_buffer,"aw",%nobits
 735              		.align	2
 736              		.set	.LANCHOR1,. + 0
 739              	led_buffer:
 740 0000 00000000 		.space	16
 740      00000000 
 740      00000000 
 740      00000000 
 741              		.section	.bss.led_toggle,"aw",%nobits
 742              		.align	2
 745              	led_toggle:
 746 0000 00000000 		.space	4
 747              		.section	.data.hour,"aw"
 748              		.align	2
 749              		.set	.LANCHOR0,. + 0
 752              	hour:
 753 0000 0F000000 		.word	15
 754              		.section	.data.minute,"aw"
 755              		.align	2
 756              		.set	.LANCHOR2,. + 0
 759              	minute:
 760 0000 3B000000 		.word	59
 761              		.section	.data.second,"aw"
 762              		.align	2
 763              		.set	.LANCHOR5,. + 0
 766              	second:
 767 0000 32000000 		.word	50
 768              		.section	.rodata.MAX_LED,"a"
 769              		.align	2
 772              	MAX_LED:
 773 0000 04000000 		.word	4
 774              		.text
 775              	.Letext0:
 776              		.file 3 "c:\\arm-gcc\\arm-none-eabi\\include\\machine\\_default_types.h"
 777              		.file 4 "c:\\arm-gcc\\arm-none-eabi\\include\\sys\\_stdint.h"
 778              		.file 5 "Drivers/CMSIS/Device/ST/STM32F1xx/Include/stm32f103x6.h"
 779              		.file 6 "Drivers/STM32F1xx_HAL_Driver/Inc/stm32f1xx_hal_def.h"
 780              		.file 7 "Drivers/STM32F1xx_HAL_Driver/Inc/stm32f1xx_hal_rcc.h"
 781              		.file 8 "Drivers/STM32F1xx_HAL_Driver/Inc/stm32f1xx_hal_rcc_ex.h"
 782              		.file 9 "Drivers/STM32F1xx_HAL_Driver/Inc/stm32f1xx_hal_gpio.h"
 783              		.file 10 "Drivers/STM32F1xx_HAL_Driver/Inc/stm32f1xx_hal_dma.h"
 784              		.file 11 "Drivers/STM32F1xx_HAL_Driver/Inc/stm32f1xx_hal_tim.h"
 785              		.file 12 "Core/Inc/led7seg.h"
 786              		.file 13 "Core/Inc/timer.h"
 787              		.file 14 "Drivers/STM32F1xx_HAL_Driver/Inc/stm32f1xx_hal_tim_ex.h"
 788              		.file 15 "Drivers/STM32F1xx_HAL_Driver/Inc/stm32f1xx_hal.h"
 789              		.file 16 "<built-in>"
ARM GAS  C:\Users\tiend\AppData\Local\Temp\ccMmJo96.s 			page 25


DEFINED SYMBOLS
                            *ABS*:00000000 main.c
C:\Users\tiend\AppData\Local\Temp\ccMmJo96.s:18     .text.MX_GPIO_Init:00000000 $t
C:\Users\tiend\AppData\Local\Temp\ccMmJo96.s:23     .text.MX_GPIO_Init:00000000 MX_GPIO_Init
C:\Users\tiend\AppData\Local\Temp\ccMmJo96.s:147    .text.MX_GPIO_Init:00000090 $d
C:\Users\tiend\AppData\Local\Temp\ccMmJo96.s:154    .text.updateClockBuffer:00000000 $t
C:\Users\tiend\AppData\Local\Temp\ccMmJo96.s:160    .text.updateClockBuffer:00000000 updateClockBuffer
C:\Users\tiend\AppData\Local\Temp\ccMmJo96.s:214    .text.updateClockBuffer:00000040 $d
C:\Users\tiend\AppData\Local\Temp\ccMmJo96.s:222    .text.HAL_TIM_PeriodElapsedCallback:00000000 $t
C:\Users\tiend\AppData\Local\Temp\ccMmJo96.s:228    .text.HAL_TIM_PeriodElapsedCallback:00000000 HAL_TIM_PeriodElapsedCallback
C:\Users\tiend\AppData\Local\Temp\ccMmJo96.s:262    .text.Error_Handler:00000000 $t
C:\Users\tiend\AppData\Local\Temp\ccMmJo96.s:268    .text.Error_Handler:00000000 Error_Handler
C:\Users\tiend\AppData\Local\Temp\ccMmJo96.s:300    .text.MX_TIM2_Init:00000000 $t
C:\Users\tiend\AppData\Local\Temp\ccMmJo96.s:305    .text.MX_TIM2_Init:00000000 MX_TIM2_Init
C:\Users\tiend\AppData\Local\Temp\ccMmJo96.s:408    .text.MX_TIM2_Init:00000064 $d
C:\Users\tiend\AppData\Local\Temp\ccMmJo96.s:413    .text.SystemClock_Config:00000000 $t
C:\Users\tiend\AppData\Local\Temp\ccMmJo96.s:419    .text.SystemClock_Config:00000000 SystemClock_Config
C:\Users\tiend\AppData\Local\Temp\ccMmJo96.s:512    .text.main:00000000 $t
C:\Users\tiend\AppData\Local\Temp\ccMmJo96.s:518    .text.main:00000000 main
C:\Users\tiend\AppData\Local\Temp\ccMmJo96.s:695    .text.main:000000d8 $d
C:\Users\tiend\AppData\Local\Temp\ccMmJo96.s:766    .data.second:00000000 second
C:\Users\tiend\AppData\Local\Temp\ccMmJo96.s:759    .data.minute:00000000 minute
C:\Users\tiend\AppData\Local\Temp\ccMmJo96.s:752    .data.hour:00000000 hour
C:\Users\tiend\AppData\Local\Temp\ccMmJo96.s:772    .rodata.MAX_LED:00000000 MAX_LED
C:\Users\tiend\AppData\Local\Temp\ccMmJo96.s:732    .bss.index_led:00000000 index_led
C:\Users\tiend\AppData\Local\Temp\ccMmJo96.s:739    .bss.led_buffer:00000000 led_buffer
C:\Users\tiend\AppData\Local\Temp\ccMmJo96.s:718    .bss.current_display:00000000 current_display
C:\Users\tiend\AppData\Local\Temp\ccMmJo96.s:745    .bss.led_toggle:00000000 led_toggle
C:\Users\tiend\AppData\Local\Temp\ccMmJo96.s:725    .bss.htim2:00000000 htim2
C:\Users\tiend\AppData\Local\Temp\ccMmJo96.s:715    .bss.current_display:00000000 $d
C:\Users\tiend\AppData\Local\Temp\ccMmJo96.s:721    .bss.htim2:00000000 $d
C:\Users\tiend\AppData\Local\Temp\ccMmJo96.s:728    .bss.index_led:00000000 $d
C:\Users\tiend\AppData\Local\Temp\ccMmJo96.s:735    .bss.led_buffer:00000000 $d
C:\Users\tiend\AppData\Local\Temp\ccMmJo96.s:742    .bss.led_toggle:00000000 $d
C:\Users\tiend\AppData\Local\Temp\ccMmJo96.s:748    .data.hour:00000000 $d
C:\Users\tiend\AppData\Local\Temp\ccMmJo96.s:755    .data.minute:00000000 $d
C:\Users\tiend\AppData\Local\Temp\ccMmJo96.s:762    .data.second:00000000 $d
C:\Users\tiend\AppData\Local\Temp\ccMmJo96.s:769    .rodata.MAX_LED:00000000 $d

UNDEFINED SYMBOLS
HAL_GPIO_WritePin
HAL_GPIO_Init
timer_run
HAL_TIM_Base_Init
HAL_TIM_ConfigClockSource
HAL_TIMEx_MasterConfigSynchronization
memset
HAL_RCC_OscConfig
HAL_RCC_ClockConfig
HAL_Init
HAL_TIM_Base_Start_IT
set_timer
HAL_GPIO_TogglePin
update7SEG
timerFLag
